0 info it worked if it ends with ok
1 verbose cli [ '/usr/bin/nodejs', '/usr/bin/npm', 'update' ]
2 info using npm@3.5.2
3 info using node@v4.2.6
4 silly mapToRegistry name body-parser
5 silly mapToRegistry using default registry
6 silly mapToRegistry registry https://registry.npmjs.org/
7 silly mapToRegistry uri https://registry.npmjs.org/body-parser
8 silly mapToRegistry name express
9 silly mapToRegistry using default registry
10 silly mapToRegistry registry https://registry.npmjs.org/
11 silly mapToRegistry uri https://registry.npmjs.org/express
12 silly mapToRegistry name express-handlebars
13 silly mapToRegistry using default registry
14 silly mapToRegistry registry https://registry.npmjs.org/
15 silly mapToRegistry uri https://registry.npmjs.org/express-handlebars
16 silly mapToRegistry name mongoose
17 silly mapToRegistry using default registry
18 silly mapToRegistry registry https://registry.npmjs.org/
19 silly mapToRegistry uri https://registry.npmjs.org/mongoose
20 verbose request uri https://registry.npmjs.org/body-parser
21 verbose request no auth needed
22 info attempt registry request try #1 at 8:34:22 PM
23 verbose request id ec909eb6a817a385
24 verbose etag "5aade1fd-237ed"
25 verbose lastModified Sun, 18 Mar 2018 3:50:21 GMT
26 http request GET https://registry.npmjs.org/body-parser
27 verbose request uri https://registry.npmjs.org/express
28 verbose request no auth needed
29 info attempt registry request try #1 at 8:34:22 PM
30 verbose etag "5aace790-94eea"
31 verbose lastModified Sat, 17 Mar 2018 10:01:52 GMT
32 http request GET https://registry.npmjs.org/express
33 verbose request uri https://registry.npmjs.org/express-handlebars
34 verbose request no auth needed
35 info attempt registry request try #1 at 8:34:22 PM
36 verbose etag "5aa08301-b2e3"
37 verbose lastModified Thu, 8 Mar 2018 0:25:37 GMT
38 http request GET https://registry.npmjs.org/express-handlebars
39 verbose request uri https://registry.npmjs.org/mongoose
40 verbose request no auth needed
41 info attempt registry request try #1 at 8:34:22 PM
42 verbose etag "5aae6747-bc87d"
43 verbose lastModified Sun, 18 Mar 2018 13:19:03 GMT
44 http request GET https://registry.npmjs.org/mongoose
45 http 304 https://registry.npmjs.org/express-handlebars
46 verbose headers { date: 'Wed, 21 Mar 2018 10:34:22 GMT',
46 verbose headers   via: '1.1 varnish',
46 verbose headers   'cache-control': 'max-age=300',
46 verbose headers   etag: '"5aa08301-b2e3"',
46 verbose headers   age: '7146',
46 verbose headers   connection: 'keep-alive',
46 verbose headers   'x-served-by': 'cache-bne7723-BNE',
46 verbose headers   'x-cache': 'HIT',
46 verbose headers   'x-cache-hits': '1',
46 verbose headers   'x-timer': 'S1521628463.577620,VS0,VE0',
46 verbose headers   vary: 'Accept-Encoding, Accept' }
47 silly get cb [ 304,
47 silly get   { date: 'Wed, 21 Mar 2018 10:34:22 GMT',
47 silly get     via: '1.1 varnish',
47 silly get     'cache-control': 'max-age=300',
47 silly get     etag: '"5aa08301-b2e3"',
47 silly get     age: '7146',
47 silly get     connection: 'keep-alive',
47 silly get     'x-served-by': 'cache-bne7723-BNE',
47 silly get     'x-cache': 'HIT',
47 silly get     'x-cache-hits': '1',
47 silly get     'x-timer': 'S1521628463.577620,VS0,VE0',
47 silly get     vary: 'Accept-Encoding, Accept' } ]
48 verbose etag https://registry.npmjs.org/express-handlebars from cache
49 verbose get saving express-handlebars to /home/patrick/.npm/registry.npmjs.org/express-handlebars/.cache.json
50 http 200 https://registry.npmjs.org/body-parser
51 verbose headers { 'content-type': 'application/json; charset=UTF-8',
51 verbose headers   server: 'UploadServer',
51 verbose headers   'cache-control': 'max-age=300',
51 verbose headers   'last-modified': 'Tue, 20 Mar 2018 19:13:21 GMT',
51 verbose headers   etag: '"5ab15d51-237fd"',
51 verbose headers   'x-npm-region': 'OZ',
51 verbose headers   'content-encoding': 'gzip',
51 verbose headers   'content-length': '17247',
51 verbose headers   'accept-ranges': 'bytes',
51 verbose headers   date: 'Wed, 21 Mar 2018 10:34:22 GMT',
51 verbose headers   via: '1.1 varnish',
51 verbose headers   age: '9051',
51 verbose headers   connection: 'keep-alive',
51 verbose headers   'x-served-by': 'cache-bne7722-BNE',
51 verbose headers   'x-cache': 'HIT',
51 verbose headers   'x-cache-hits': '7',
51 verbose headers   'x-timer': 'S1521628463.571899,VS0,VE0',
51 verbose headers   vary: 'Accept-Encoding, Accept' }
52 silly get cb [ 200,
52 silly get   { 'content-type': 'application/json; charset=UTF-8',
52 silly get     server: 'UploadServer',
52 silly get     'cache-control': 'max-age=300',
52 silly get     'last-modified': 'Tue, 20 Mar 2018 19:13:21 GMT',
52 silly get     etag: '"5ab15d51-237fd"',
52 silly get     'x-npm-region': 'OZ',
52 silly get     'content-encoding': 'gzip',
52 silly get     'content-length': '17247',
52 silly get     'accept-ranges': 'bytes',
52 silly get     date: 'Wed, 21 Mar 2018 10:34:22 GMT',
52 silly get     via: '1.1 varnish',
52 silly get     age: '9051',
52 silly get     connection: 'keep-alive',
52 silly get     'x-served-by': 'cache-bne7722-BNE',
52 silly get     'x-cache': 'HIT',
52 silly get     'x-cache-hits': '7',
52 silly get     'x-timer': 'S1521628463.571899,VS0,VE0',
52 silly get     vary: 'Accept-Encoding, Accept' } ]
53 verbose get saving body-parser to /home/patrick/.npm/registry.npmjs.org/body-parser/.cache.json
54 http 200 https://registry.npmjs.org/express
55 verbose headers { 'content-type': 'application/json; charset=UTF-8',
55 verbose headers   server: 'UploadServer',
55 verbose headers   'cache-control': 'max-age=300',
55 verbose headers   'last-modified': 'Wed, 21 Mar 2018 8:58:08 GMT',
55 verbose headers   etag: '"5ab21ea0-94efb"',
55 verbose headers   'x-npm-region': 'OZ',
55 verbose headers   'content-encoding': 'gzip',
55 verbose headers   'content-length': '48843',
55 verbose headers   'accept-ranges': 'bytes',
55 verbose headers   date: 'Wed, 21 Mar 2018 10:34:22 GMT',
55 verbose headers   via: '1.1 varnish',
55 verbose headers   age: '3503',
55 verbose headers   connection: 'keep-alive',
55 verbose headers   'x-served-by': 'cache-bne7721-BNE',
55 verbose headers   'x-cache': 'HIT',
55 verbose headers   'x-cache-hits': '2',
55 verbose headers   'x-timer': 'S1521628463.576973,VS0,VE0',
55 verbose headers   vary: 'Accept-Encoding, Accept' }
56 silly get cb [ 200,
56 silly get   { 'content-type': 'application/json; charset=UTF-8',
56 silly get     server: 'UploadServer',
56 silly get     'cache-control': 'max-age=300',
56 silly get     'last-modified': 'Wed, 21 Mar 2018 8:58:08 GMT',
56 silly get     etag: '"5ab21ea0-94efb"',
56 silly get     'x-npm-region': 'OZ',
56 silly get     'content-encoding': 'gzip',
56 silly get     'content-length': '48843',
56 silly get     'accept-ranges': 'bytes',
56 silly get     date: 'Wed, 21 Mar 2018 10:34:22 GMT',
56 silly get     via: '1.1 varnish',
56 silly get     age: '3503',
56 silly get     connection: 'keep-alive',
56 silly get     'x-served-by': 'cache-bne7721-BNE',
56 silly get     'x-cache': 'HIT',
56 silly get     'x-cache-hits': '2',
56 silly get     'x-timer': 'S1521628463.576973,VS0,VE0',
56 silly get     vary: 'Accept-Encoding, Accept' } ]
57 verbose get saving express to /home/patrick/.npm/registry.npmjs.org/express/.cache.json
58 http 200 https://registry.npmjs.org/mongoose
59 verbose headers { 'content-type': 'application/json; charset=UTF-8',
59 verbose headers   server: 'UploadServer',
59 verbose headers   'cache-control': 'max-age=300',
59 verbose headers   'last-modified': 'Tue, 20 Mar 2018 11:07:15 GMT',
59 verbose headers   etag: '"5ab0eb63-c0277"',
59 verbose headers   'x-npm-region': 'OZ',
59 verbose headers   'content-encoding': 'gzip',
59 verbose headers   'content-length': '66191',
59 verbose headers   'accept-ranges': 'bytes',
59 verbose headers   date: 'Wed, 21 Mar 2018 10:34:23 GMT',
59 verbose headers   via: '1.1 varnish',
59 verbose headers   age: '0',
59 verbose headers   connection: 'keep-alive',
59 verbose headers   'x-served-by': 'cache-bne7720-BNE',
59 verbose headers   'x-cache': 'MISS',
59 verbose headers   'x-cache-hits': '0',
59 verbose headers   'x-timer': 'S1521628463.597347,VS0,VE494',
59 verbose headers   vary: 'Accept-Encoding, Accept' }
60 silly get cb [ 200,
60 silly get   { 'content-type': 'application/json; charset=UTF-8',
60 silly get     server: 'UploadServer',
60 silly get     'cache-control': 'max-age=300',
60 silly get     'last-modified': 'Tue, 20 Mar 2018 11:07:15 GMT',
60 silly get     etag: '"5ab0eb63-c0277"',
60 silly get     'x-npm-region': 'OZ',
60 silly get     'content-encoding': 'gzip',
60 silly get     'content-length': '66191',
60 silly get     'accept-ranges': 'bytes',
60 silly get     date: 'Wed, 21 Mar 2018 10:34:23 GMT',
60 silly get     via: '1.1 varnish',
60 silly get     age: '0',
60 silly get     connection: 'keep-alive',
60 silly get     'x-served-by': 'cache-bne7720-BNE',
60 silly get     'x-cache': 'MISS',
60 silly get     'x-cache-hits': '0',
60 silly get     'x-timer': 'S1521628463.597347,VS0,VE494',
60 silly get     vary: 'Accept-Encoding, Accept' } ]
61 verbose get saving mongoose to /home/patrick/.npm/registry.npmjs.org/mongoose/.cache.json
62 info outdated updating [ { dep:
62 info outdated      Node {
62 info outdated        id: 60,
62 info outdated        package: [Object],
62 info outdated        path: '/home/patrick/Documents/github/nodejscourse/cms/node_modules/mongoose',
62 info outdated        realpath: '/home/patrick/Documents/github/nodejscourse/cms/node_modules/mongoose',
62 info outdated        parent: [Object],
62 info outdated        isLink: false,
62 info outdated        children: [Object],
62 info outdated        error: null,
62 info outdated        loaded: false,
62 info outdated        requiredBy: [Object],
62 info outdated        requires: [Object],
62 info outdated        missingDeps: {},
62 info outdated        missingDevDeps: {},
62 info outdated        userRequired: false,
62 info outdated        existing: false },
62 info outdated     depname: 'mongoose',
62 info outdated     current: '5.0.10',
62 info outdated     wanted: '5.0.11',
62 info outdated     latest: '5.0.11',
62 info outdated     req: '^5.0.10',
62 info outdated     what: 'mongoose@5.0.11' } ]
63 silly loadCurrentTree Starting
64 silly install loadCurrentTree
65 silly install readLocalPackageData
66 silly fetchPackageMetaData mongoose@5.0.11
67 silly fetchNamedPackageData mongoose
68 silly mapToRegistry name mongoose
69 silly mapToRegistry using default registry
70 silly mapToRegistry registry https://registry.npmjs.org/
71 silly mapToRegistry uri https://registry.npmjs.org/mongoose
72 verbose get https://registry.npmjs.org/mongoose not expired, no request
73 silly install normalizeTree
74 silly loadCurrentTree Finishing
75 silly loadIdealTree Starting
76 silly install loadIdealTree
77 silly cloneCurrentTree Starting
78 silly install cloneCurrentTreeToIdealTree
79 silly cloneCurrentTree Finishing
80 silly loadShrinkwrap Starting
81 silly install loadShrinkwrap
82 silly loadShrinkwrap Finishing
83 silly loadAllDepsIntoIdealTree Starting
84 silly install loadAllDepsIntoIdealTree
85 silly resolveWithNewModule mongoose@5.0.11 checking installable status
86 silly cache add args [ 'mongoose@5.0.11', null ]
87 verbose cache add spec mongoose@5.0.11
88 silly cache add parsed spec Result {
88 silly cache add   raw: 'mongoose@5.0.11',
88 silly cache add   scope: null,
88 silly cache add   name: 'mongoose',
88 silly cache add   rawSpec: '5.0.11',
88 silly cache add   spec: '5.0.11',
88 silly cache add   type: 'version' }
89 silly addNamed mongoose@5.0.11
90 verbose addNamed "5.0.11" is a plain semver version for mongoose
91 silly mapToRegistry name mongoose
92 silly mapToRegistry using default registry
93 silly mapToRegistry registry https://registry.npmjs.org/
94 silly mapToRegistry uri https://registry.npmjs.org/mongoose
95 verbose addNameVersion registry:https://registry.npmjs.org/mongoose not in flight; fetching
96 verbose get https://registry.npmjs.org/mongoose not expired, no request
97 silly mapToRegistry name mongoose
98 silly mapToRegistry using default registry
99 silly mapToRegistry registry https://registry.npmjs.org/
100 silly mapToRegistry uri https://registry.npmjs.org/mongoose
101 verbose addRemoteTarball https://registry.npmjs.org/mongoose/-/mongoose-5.0.11.tgz not in flight; adding
102 verbose addRemoteTarball [ 'https://registry.npmjs.org/mongoose/-/mongoose-5.0.11.tgz',
102 verbose addRemoteTarball   'bb31a98591cd2377312ded28155281110a9e1da0' ]
103 info retry fetch attempt 1 at 8:34:23 PM
104 info attempt registry request try #1 at 8:34:23 PM
105 http fetch GET https://registry.npmjs.org/mongoose/-/mongoose-5.0.11.tgz
106 http fetch 200 https://registry.npmjs.org/mongoose/-/mongoose-5.0.11.tgz
107 silly fetchAndShaCheck shasum bb31a98591cd2377312ded28155281110a9e1da0
108 verbose addTmpTarball /tmp/npm-27786-9d86783a/registry.npmjs.org/mongoose/-/mongoose-5.0.11.tgz not in flight; adding
109 verbose addTmpTarball already have metadata; skipping unpack for mongoose@5.0.11
110 silly cache afterAdd mongoose@5.0.11
111 verbose afterAdd /home/patrick/.npm/mongoose/5.0.11/package/package.json not in flight; writing
112 verbose afterAdd /home/patrick/.npm/mongoose/5.0.11/package/package.json written
113 silly fetchNamedPackageData async
114 silly mapToRegistry name async
115 silly mapToRegistry using default registry
116 silly mapToRegistry registry https://registry.npmjs.org/
117 silly mapToRegistry uri https://registry.npmjs.org/async
118 silly fetchNamedPackageData bson
119 silly mapToRegistry name bson
120 silly mapToRegistry using default registry
121 silly mapToRegistry registry https://registry.npmjs.org/
122 silly mapToRegistry uri https://registry.npmjs.org/bson
123 silly fetchNamedPackageData kareem
124 silly mapToRegistry name kareem
125 silly mapToRegistry using default registry
126 silly mapToRegistry registry https://registry.npmjs.org/
127 silly mapToRegistry uri https://registry.npmjs.org/kareem
128 silly fetchNamedPackageData lodash.get
129 silly mapToRegistry name lodash.get
130 silly mapToRegistry using default registry
131 silly mapToRegistry registry https://registry.npmjs.org/
132 silly mapToRegistry uri https://registry.npmjs.org/lodash.get
133 silly fetchNamedPackageData mongodb
134 silly mapToRegistry name mongodb
135 silly mapToRegistry using default registry
136 silly mapToRegistry registry https://registry.npmjs.org/
137 silly mapToRegistry uri https://registry.npmjs.org/mongodb
138 silly fetchNamedPackageData mongoose-legacy-pluralize
139 silly mapToRegistry name mongoose-legacy-pluralize
140 silly mapToRegistry using default registry
141 silly mapToRegistry registry https://registry.npmjs.org/
142 silly mapToRegistry uri https://registry.npmjs.org/mongoose-legacy-pluralize
143 silly fetchNamedPackageData mpath
144 silly mapToRegistry name mpath
145 silly mapToRegistry using default registry
146 silly mapToRegistry registry https://registry.npmjs.org/
147 silly mapToRegistry uri https://registry.npmjs.org/mpath
148 silly fetchNamedPackageData mquery
149 silly mapToRegistry name mquery
150 silly mapToRegistry using default registry
151 silly mapToRegistry registry https://registry.npmjs.org/
152 silly mapToRegistry uri https://registry.npmjs.org/mquery
153 silly fetchNamedPackageData regexp-clone
154 silly mapToRegistry name regexp-clone
155 silly mapToRegistry using default registry
156 silly mapToRegistry registry https://registry.npmjs.org/
157 silly mapToRegistry uri https://registry.npmjs.org/regexp-clone
158 silly fetchNamedPackageData sliced
159 silly mapToRegistry name sliced
160 silly mapToRegistry using default registry
161 silly mapToRegistry registry https://registry.npmjs.org/
162 silly mapToRegistry uri https://registry.npmjs.org/sliced
163 verbose request uri https://registry.npmjs.org/kareem
164 verbose request no auth needed
165 info attempt registry request try #1 at 8:34:23 PM
166 verbose etag "5a8f51b7-d84f"
167 verbose lastModified Thu, 22 Feb 2018 23:26:47 GMT
168 http request GET https://registry.npmjs.org/kareem
169 verbose request uri https://registry.npmjs.org/lodash.get
170 verbose request no auth needed
171 info attempt registry request try #1 at 8:34:23 PM
172 verbose etag "57f6800a-55fc"
173 verbose lastModified Thu, 6 Oct 2016 16:47:06 GMT
174 http request GET https://registry.npmjs.org/lodash.get
175 verbose request uri https://registry.npmjs.org/async
176 verbose request no auth needed
177 info attempt registry request try #1 at 8:34:23 PM
178 verbose etag "5aaa4a6b-2359f"
179 verbose lastModified Thu, 15 Mar 2018 10:26:51 GMT
180 http request GET https://registry.npmjs.org/async
181 verbose request uri https://registry.npmjs.org/bson
182 verbose request no auth needed
183 info attempt registry request try #1 at 8:34:23 PM
184 verbose etag "5aa712cd-22ae8"
185 verbose lastModified Mon, 12 Mar 2018 23:52:45 GMT
186 http request GET https://registry.npmjs.org/bson
187 verbose request uri https://registry.npmjs.org/mquery
188 verbose request no auth needed
189 info attempt registry request try #1 at 8:34:23 PM
190 verbose etag "5a7c3829-18e61"
191 verbose lastModified Thu, 8 Feb 2018 11:44:41 GMT
192 http request GET https://registry.npmjs.org/mquery
193 verbose request uri https://registry.npmjs.org/mongoose-legacy-pluralize
194 verbose request no auth needed
195 info attempt registry request try #1 at 8:34:23 PM
196 verbose etag "5a6e5e6e-1217"
197 verbose lastModified Sun, 28 Jan 2018 23:36:14 GMT
198 http request GET https://registry.npmjs.org/mongoose-legacy-pluralize
199 verbose request uri https://registry.npmjs.org/regexp-clone
200 verbose request no auth needed
201 info attempt registry request try #1 at 8:34:23 PM
202 verbose etag "516f12a5-7d2"
203 verbose lastModified Wed, 17 Apr 2013 21:22:45 GMT
204 http request GET https://registry.npmjs.org/regexp-clone
205 verbose request uri https://registry.npmjs.org/mpath
206 verbose request no auth needed
207 info attempt registry request try #1 at 8:34:23 PM
208 verbose etag "5a5e0ba8-3381"
209 verbose lastModified Tue, 16 Jan 2018 14:26:48 GMT
210 http request GET https://registry.npmjs.org/mpath
211 verbose request uri https://registry.npmjs.org/mongodb
212 verbose request no auth needed
213 info attempt registry request try #1 at 8:34:23 PM
214 verbose etag "5aa9fb8a-a22a6"
215 verbose lastModified Thu, 15 Mar 2018 4:50:18 GMT
216 http request GET https://registry.npmjs.org/mongodb
217 verbose request uri https://registry.npmjs.org/sliced
218 verbose request no auth needed
219 info attempt registry request try #1 at 8:34:23 PM
220 verbose etag "5a5e0c89-2612"
221 verbose lastModified Tue, 16 Jan 2018 14:30:33 GMT
222 http request GET https://registry.npmjs.org/sliced
223 http 304 https://registry.npmjs.org/lodash.get
224 verbose headers { date: 'Wed, 21 Mar 2018 10:34:23 GMT',
224 verbose headers   via: '1.1 varnish',
224 verbose headers   'cache-control': 'max-age=300',
224 verbose headers   etag: '"57f6800a-55fc"',
224 verbose headers   age: '7743',
224 verbose headers   connection: 'keep-alive',
224 verbose headers   'x-served-by': 'cache-bne7721-BNE',
224 verbose headers   'x-cache': 'HIT',
224 verbose headers   'x-cache-hits': '1',
224 verbose headers   'x-timer': 'S1521628464.670328,VS0,VE0',
224 verbose headers   vary: 'Accept-Encoding, Accept' }
225 silly get cb [ 304,
225 silly get   { date: 'Wed, 21 Mar 2018 10:34:23 GMT',
225 silly get     via: '1.1 varnish',
225 silly get     'cache-control': 'max-age=300',
225 silly get     etag: '"57f6800a-55fc"',
225 silly get     age: '7743',
225 silly get     connection: 'keep-alive',
225 silly get     'x-served-by': 'cache-bne7721-BNE',
225 silly get     'x-cache': 'HIT',
225 silly get     'x-cache-hits': '1',
225 silly get     'x-timer': 'S1521628464.670328,VS0,VE0',
225 silly get     vary: 'Accept-Encoding, Accept' } ]
226 verbose etag https://registry.npmjs.org/lodash.get from cache
227 verbose get saving lodash.get to /home/patrick/.npm/registry.npmjs.org/lodash.get/.cache.json
228 silly resolveWithNewModule lodash.get@4.4.2 checking installable status
229 silly cache add args [ 'lodash.get@4.4.2', null ]
230 verbose cache add spec lodash.get@4.4.2
231 silly cache add parsed spec Result {
231 silly cache add   raw: 'lodash.get@4.4.2',
231 silly cache add   scope: null,
231 silly cache add   name: 'lodash.get',
231 silly cache add   rawSpec: '4.4.2',
231 silly cache add   spec: '4.4.2',
231 silly cache add   type: 'version' }
232 silly addNamed lodash.get@4.4.2
233 verbose addNamed "4.4.2" is a plain semver version for lodash.get
234 silly mapToRegistry name lodash.get
235 silly mapToRegistry using default registry
236 silly mapToRegistry registry https://registry.npmjs.org/
237 silly mapToRegistry uri https://registry.npmjs.org/lodash.get
238 verbose addNameVersion registry:https://registry.npmjs.org/lodash.get not in flight; fetching
239 verbose get https://registry.npmjs.org/lodash.get not expired, no request
240 silly cache afterAdd lodash.get@4.4.2
241 verbose afterAdd /home/patrick/.npm/lodash.get/4.4.2/package/package.json not in flight; writing
242 http 304 https://registry.npmjs.org/bson
243 verbose headers { date: 'Wed, 21 Mar 2018 10:34:23 GMT',
243 verbose headers   via: '1.1 varnish',
243 verbose headers   'cache-control': 'max-age=300',
243 verbose headers   etag: '"5aa712cd-22ae8"',
243 verbose headers   age: '13487',
243 verbose headers   connection: 'keep-alive',
243 verbose headers   'x-served-by': 'cache-bne7723-BNE',
243 verbose headers   'x-cache': 'HIT',
243 verbose headers   'x-cache-hits': '2',
243 verbose headers   'x-timer': 'S1521628464.674819,VS0,VE0',
243 verbose headers   vary: 'Accept-Encoding, Accept' }
244 silly get cb [ 304,
244 silly get   { date: 'Wed, 21 Mar 2018 10:34:23 GMT',
244 silly get     via: '1.1 varnish',
244 silly get     'cache-control': 'max-age=300',
244 silly get     etag: '"5aa712cd-22ae8"',
244 silly get     age: '13487',
244 silly get     connection: 'keep-alive',
244 silly get     'x-served-by': 'cache-bne7723-BNE',
244 silly get     'x-cache': 'HIT',
244 silly get     'x-cache-hits': '2',
244 silly get     'x-timer': 'S1521628464.674819,VS0,VE0',
244 silly get     vary: 'Accept-Encoding, Accept' } ]
245 verbose etag https://registry.npmjs.org/bson from cache
246 verbose get saving bson to /home/patrick/.npm/registry.npmjs.org/bson/.cache.json
247 verbose afterAdd /home/patrick/.npm/lodash.get/4.4.2/package/package.json written
248 silly resolveWithNewModule bson@1.0.6 checking installable status
249 silly cache add args [ 'bson@~1.0.4', null ]
250 verbose cache add spec bson@~1.0.4
251 silly cache add parsed spec Result {
251 silly cache add   raw: 'bson@~1.0.4',
251 silly cache add   scope: null,
251 silly cache add   name: 'bson',
251 silly cache add   rawSpec: '~1.0.4',
251 silly cache add   spec: '>=1.0.4 <1.1.0',
251 silly cache add   type: 'range' }
252 silly addNamed bson@>=1.0.4 <1.1.0
253 verbose addNamed ">=1.0.4 <1.1.0" is a valid semver range for bson
254 silly addNameRange { name: 'bson', range: '>=1.0.4 <1.1.0', hasData: false }
255 silly mapToRegistry name bson
256 silly mapToRegistry using default registry
257 silly mapToRegistry registry https://registry.npmjs.org/
258 silly mapToRegistry uri https://registry.npmjs.org/bson
259 verbose addNameRange registry:https://registry.npmjs.org/bson not in flight; fetching
260 verbose get https://registry.npmjs.org/bson not expired, no request
261 silly addNameRange number 2 { name: 'bson', range: '>=1.0.4 <1.1.0', hasData: true }
262 silly addNameRange versions [ 'bson',
262 silly addNameRange   [ '0.0.1',
262 silly addNameRange     '0.0.2',
262 silly addNameRange     '0.0.3',
262 silly addNameRange     '0.0.4',
262 silly addNameRange     '0.0.5',
262 silly addNameRange     '0.0.6',
262 silly addNameRange     '0.0.7',
262 silly addNameRange     '0.0.8',
262 silly addNameRange     '0.0.9',
262 silly addNameRange     '0.1.0',
262 silly addNameRange     '0.1.1',
262 silly addNameRange     '0.1.3',
262 silly addNameRange     '0.1.4',
262 silly addNameRange     '0.1.5',
262 silly addNameRange     '0.1.6',
262 silly addNameRange     '0.1.7',
262 silly addNameRange     '0.1.8',
262 silly addNameRange     '0.1.9',
262 silly addNameRange     '0.2.0',
262 silly addNameRange     '0.2.1',
262 silly addNameRange     '0.2.2',
262 silly addNameRange     '0.2.3',
262 silly addNameRange     '0.2.4',
262 silly addNameRange     '0.2.5',
262 silly addNameRange     '0.2.6',
262 silly addNameRange     '0.2.7',
262 silly addNameRange     '0.2.8',
262 silly addNameRange     '0.2.9',
262 silly addNameRange     '0.2.10',
262 silly addNameRange     '0.2.11',
262 silly addNameRange     '0.2.12',
262 silly addNameRange     '0.2.13',
262 silly addNameRange     '0.2.14',
262 silly addNameRange     '0.2.15',
262 silly addNameRange     '0.2.16',
262 silly addNameRange     '0.2.17',
262 silly addNameRange     '0.2.18',
262 silly addNameRange     '0.2.19',
262 silly addNameRange     '0.2.20',
262 silly addNameRange     '0.2.21',
262 silly addNameRange     '0.3.0',
262 silly addNameRange     '0.3.1',
262 silly addNameRange     '0.3.2',
262 silly addNameRange     '0.4.0',
262 silly addNameRange     '0.4.1',
262 silly addNameRange     '0.4.2',
262 silly addNameRange     '0.4.3',
262 silly addNameRange     '0.4.4',
262 silly addNameRange     '0.4.5',
262 silly addNameRange     '0.4.6',
262 silly addNameRange     '0.4.7',
262 silly addNameRange     '0.4.8',
262 silly addNameRange     '0.2.22',
262 silly addNameRange     '0.4.10',
262 silly addNameRange     '0.4.12',
262 silly addNameRange     '0.4.13',
262 silly addNameRange     '0.4.14',
262 silly addNameRange     '0.4.15',
262 silly addNameRange     '0.4.16',
262 silly addNameRange     '0.4.17',
262 silly addNameRange     '0.4.18',
262 silly addNameRange     '0.4.19',
262 silly addNameRange     '0.4.20',
262 silly addNameRange     '0.4.21',
262 silly addNameRange     '0.4.22',
262 silly addNameRange     '0.4.23',
262 silly addNameRange     '0.5.0',
262 silly addNameRange     '0.5.1',
262 silly addNameRange     '0.5.2',
262 silly addNameRange     '0.5.3',
262 silly addNameRange     '0.5.4',
262 silly addNameRange     '0.5.5',
262 silly addNameRange     '0.5.6',
262 silly addNameRange     '0.5.7',
262 silly addNameRange     '1.0.0',
262 silly addNameRange     '1.0.1',
262 silly addNameRange     '1.0.2',
262 silly addNameRange     '1.0.3',
262 silly addNameRange     '1.0.4',
262 silly addNameRange     '2.0.0',
262 silly addNameRange     '1.0.5',
262 silly addNameRange     '2.0.1',
262 silly addNameRange     '2.0.2',
262 silly addNameRange     '1.0.6',
262 silly addNameRange     '2.0.3',
262 silly addNameRange     '2.0.4' ] ]
263 silly addNamed bson@1.0.6
264 verbose addNamed "1.0.6" is a plain semver version for bson
265 http 304 https://registry.npmjs.org/mongodb
266 verbose headers { date: 'Wed, 21 Mar 2018 10:34:23 GMT',
266 verbose headers   via: '1.1 varnish',
266 verbose headers   'cache-control': 'max-age=300',
266 verbose headers   etag: '"5aa9fb8a-a22a6"',
266 verbose headers   age: '7199',
266 verbose headers   connection: 'keep-alive',
266 verbose headers   'x-served-by': 'cache-bne7723-BNE',
266 verbose headers   'x-cache': 'HIT',
266 verbose headers   'x-cache-hits': '4',
266 verbose headers   'x-timer': 'S1521628464.694286,VS0,VE0',
266 verbose headers   vary: 'Accept-Encoding, Accept' }
267 silly get cb [ 304,
267 silly get   { date: 'Wed, 21 Mar 2018 10:34:23 GMT',
267 silly get     via: '1.1 varnish',
267 silly get     'cache-control': 'max-age=300',
267 silly get     etag: '"5aa9fb8a-a22a6"',
267 silly get     age: '7199',
267 silly get     connection: 'keep-alive',
267 silly get     'x-served-by': 'cache-bne7723-BNE',
267 silly get     'x-cache': 'HIT',
267 silly get     'x-cache-hits': '4',
267 silly get     'x-timer': 'S1521628464.694286,VS0,VE0',
267 silly get     vary: 'Accept-Encoding, Accept' } ]
268 verbose etag https://registry.npmjs.org/mongodb from cache
269 verbose get saving mongodb to /home/patrick/.npm/registry.npmjs.org/mongodb/.cache.json
270 silly cache afterAdd bson@1.0.6
271 verbose afterAdd /home/patrick/.npm/bson/1.0.6/package/package.json not in flight; writing
272 http 200 https://registry.npmjs.org/async
273 verbose headers { 'content-type': 'application/json; charset=UTF-8',
273 verbose headers   server: 'UploadServer',
273 verbose headers   'cache-control': 'max-age=300',
273 verbose headers   'last-modified': 'Wed, 21 Mar 2018 8:58:04 GMT',
273 verbose headers   etag: '"5ab21e9c-235c0"',
273 verbose headers   'x-npm-region': 'OZ',
273 verbose headers   'content-encoding': 'gzip',
273 verbose headers   'content-length': '18526',
273 verbose headers   'accept-ranges': 'bytes',
273 verbose headers   date: 'Wed, 21 Mar 2018 10:34:23 GMT',
273 verbose headers   via: '1.1 varnish',
273 verbose headers   age: '4422',
273 verbose headers   connection: 'keep-alive',
273 verbose headers   'x-served-by': 'cache-bne7720-BNE',
273 verbose headers   'x-cache': 'HIT',
273 verbose headers   'x-cache-hits': '9',
273 verbose headers   'x-timer': 'S1521628464.671940,VS0,VE0',
273 verbose headers   vary: 'Accept-Encoding, Accept' }
274 silly get cb [ 200,
274 silly get   { 'content-type': 'application/json; charset=UTF-8',
274 silly get     server: 'UploadServer',
274 silly get     'cache-control': 'max-age=300',
274 silly get     'last-modified': 'Wed, 21 Mar 2018 8:58:04 GMT',
274 silly get     etag: '"5ab21e9c-235c0"',
274 silly get     'x-npm-region': 'OZ',
274 silly get     'content-encoding': 'gzip',
274 silly get     'content-length': '18526',
274 silly get     'accept-ranges': 'bytes',
274 silly get     date: 'Wed, 21 Mar 2018 10:34:23 GMT',
274 silly get     via: '1.1 varnish',
274 silly get     age: '4422',
274 silly get     connection: 'keep-alive',
274 silly get     'x-served-by': 'cache-bne7720-BNE',
274 silly get     'x-cache': 'HIT',
274 silly get     'x-cache-hits': '9',
274 silly get     'x-timer': 'S1521628464.671940,VS0,VE0',
274 silly get     vary: 'Accept-Encoding, Accept' } ]
275 verbose get saving async to /home/patrick/.npm/registry.npmjs.org/async/.cache.json
276 silly resolveWithNewModule mongodb@3.0.4 checking installable status
277 silly cache add args [ 'mongodb@3.0.4', null ]
278 verbose cache add spec mongodb@3.0.4
279 silly cache add parsed spec Result {
279 silly cache add   raw: 'mongodb@3.0.4',
279 silly cache add   scope: null,
279 silly cache add   name: 'mongodb',
279 silly cache add   rawSpec: '3.0.4',
279 silly cache add   spec: '3.0.4',
279 silly cache add   type: 'version' }
280 silly addNamed mongodb@3.0.4
281 verbose addNamed "3.0.4" is a plain semver version for mongodb
282 silly mapToRegistry name mongodb
283 silly mapToRegistry using default registry
284 silly mapToRegistry registry https://registry.npmjs.org/
285 silly mapToRegistry uri https://registry.npmjs.org/mongodb
286 verbose addNameVersion registry:https://registry.npmjs.org/mongodb not in flight; fetching
287 verbose afterAdd /home/patrick/.npm/bson/1.0.6/package/package.json written
288 verbose get https://registry.npmjs.org/mongodb not expired, no request
289 silly resolveWithNewModule async@2.1.4 checking installable status
290 silly cache add args [ 'async@2.1.4', null ]
291 verbose cache add spec async@2.1.4
292 silly cache add parsed spec Result {
292 silly cache add   raw: 'async@2.1.4',
292 silly cache add   scope: null,
292 silly cache add   name: 'async',
292 silly cache add   rawSpec: '2.1.4',
292 silly cache add   spec: '2.1.4',
292 silly cache add   type: 'version' }
293 silly addNamed async@2.1.4
294 verbose addNamed "2.1.4" is a plain semver version for async
295 silly mapToRegistry name async
296 silly mapToRegistry using default registry
297 silly mapToRegistry registry https://registry.npmjs.org/
298 silly mapToRegistry uri https://registry.npmjs.org/async
299 verbose addNameVersion registry:https://registry.npmjs.org/async not in flight; fetching
300 verbose get https://registry.npmjs.org/async not expired, no request
301 silly cache afterAdd mongodb@3.0.4
302 verbose afterAdd /home/patrick/.npm/mongodb/3.0.4/package/package.json not in flight; writing
303 verbose afterAdd /home/patrick/.npm/mongodb/3.0.4/package/package.json written
304 silly cache afterAdd async@2.1.4
305 verbose afterAdd /home/patrick/.npm/async/2.1.4/package/package.json not in flight; writing
306 verbose afterAdd /home/patrick/.npm/async/2.1.4/package/package.json written
307 http 304 https://registry.npmjs.org/mpath
308 verbose headers { date: 'Wed, 21 Mar 2018 10:34:23 GMT',
308 verbose headers   via: '1.1 varnish',
308 verbose headers   'cache-control': 'max-age=300',
308 verbose headers   etag: '"5a5e0ba8-3381"',
308 verbose headers   age: '0',
308 verbose headers   connection: 'keep-alive',
308 verbose headers   'x-served-by': 'cache-bne7721-BNE',
308 verbose headers   'x-cache': 'HIT',
308 verbose headers   'x-cache-hits': '1',
308 verbose headers   'x-timer': 'S1521628464.678118,VS0,VE297',
308 verbose headers   vary: 'Accept-Encoding, Accept' }
309 silly get cb [ 304,
309 silly get   { date: 'Wed, 21 Mar 2018 10:34:23 GMT',
309 silly get     via: '1.1 varnish',
309 silly get     'cache-control': 'max-age=300',
309 silly get     etag: '"5a5e0ba8-3381"',
309 silly get     age: '0',
309 silly get     connection: 'keep-alive',
309 silly get     'x-served-by': 'cache-bne7721-BNE',
309 silly get     'x-cache': 'HIT',
309 silly get     'x-cache-hits': '1',
309 silly get     'x-timer': 'S1521628464.678118,VS0,VE297',
309 silly get     vary: 'Accept-Encoding, Accept' } ]
310 verbose etag https://registry.npmjs.org/mpath from cache
311 verbose get saving mpath to /home/patrick/.npm/registry.npmjs.org/mpath/.cache.json
312 http 304 https://registry.npmjs.org/sliced
313 verbose headers { date: 'Wed, 21 Mar 2018 10:34:23 GMT',
313 verbose headers   via: '1.1 varnish',
313 verbose headers   'cache-control': 'max-age=300',
313 verbose headers   etag: '"5a5e0c89-2612"',
313 verbose headers   age: '0',
313 verbose headers   connection: 'keep-alive',
313 verbose headers   'x-served-by': 'cache-bne7723-BNE',
313 verbose headers   'x-cache': 'MISS',
313 verbose headers   'x-cache-hits': '0',
313 verbose headers   'x-timer': 'S1521628464.694278,VS0,VE301',
313 verbose headers   vary: 'Accept-Encoding, Accept' }
314 silly get cb [ 304,
314 silly get   { date: 'Wed, 21 Mar 2018 10:34:23 GMT',
314 silly get     via: '1.1 varnish',
314 silly get     'cache-control': 'max-age=300',
314 silly get     etag: '"5a5e0c89-2612"',
314 silly get     age: '0',
314 silly get     connection: 'keep-alive',
314 silly get     'x-served-by': 'cache-bne7723-BNE',
314 silly get     'x-cache': 'MISS',
314 silly get     'x-cache-hits': '0',
314 silly get     'x-timer': 'S1521628464.694278,VS0,VE301',
314 silly get     vary: 'Accept-Encoding, Accept' } ]
315 verbose etag https://registry.npmjs.org/sliced from cache
316 verbose get saving sliced to /home/patrick/.npm/registry.npmjs.org/sliced/.cache.json
317 http 304 https://registry.npmjs.org/regexp-clone
318 verbose headers { date: 'Wed, 21 Mar 2018 10:34:23 GMT',
318 verbose headers   via: '1.1 varnish',
318 verbose headers   'cache-control': 'max-age=300',
318 verbose headers   etag: '"516f12a5-7d2"',
318 verbose headers   age: '0',
318 verbose headers   connection: 'keep-alive',
318 verbose headers   'x-served-by': 'cache-bne7721-BNE',
318 verbose headers   'x-cache': 'MISS',
318 verbose headers   'x-cache-hits': '0',
318 verbose headers   'x-timer': 'S1521628464.677131,VS0,VE329',
318 verbose headers   vary: 'Accept-Encoding, Accept' }
319 silly get cb [ 304,
319 silly get   { date: 'Wed, 21 Mar 2018 10:34:23 GMT',
319 silly get     via: '1.1 varnish',
319 silly get     'cache-control': 'max-age=300',
319 silly get     etag: '"516f12a5-7d2"',
319 silly get     age: '0',
319 silly get     connection: 'keep-alive',
319 silly get     'x-served-by': 'cache-bne7721-BNE',
319 silly get     'x-cache': 'MISS',
319 silly get     'x-cache-hits': '0',
319 silly get     'x-timer': 'S1521628464.677131,VS0,VE329',
319 silly get     vary: 'Accept-Encoding, Accept' } ]
320 verbose etag https://registry.npmjs.org/regexp-clone from cache
321 verbose get saving regexp-clone to /home/patrick/.npm/registry.npmjs.org/regexp-clone/.cache.json
322 silly resolveWithNewModule mpath@0.3.0 checking installable status
323 silly cache add args [ 'mpath@0.3.0', null ]
324 verbose cache add spec mpath@0.3.0
325 silly cache add parsed spec Result {
325 silly cache add   raw: 'mpath@0.3.0',
325 silly cache add   scope: null,
325 silly cache add   name: 'mpath',
325 silly cache add   rawSpec: '0.3.0',
325 silly cache add   spec: '0.3.0',
325 silly cache add   type: 'version' }
326 silly addNamed mpath@0.3.0
327 verbose addNamed "0.3.0" is a plain semver version for mpath
328 silly mapToRegistry name mpath
329 silly mapToRegistry using default registry
330 silly mapToRegistry registry https://registry.npmjs.org/
331 silly mapToRegistry uri https://registry.npmjs.org/mpath
332 verbose addNameVersion registry:https://registry.npmjs.org/mpath not in flight; fetching
333 silly resolveWithNewModule sliced@1.0.1 checking installable status
334 silly cache add args [ 'sliced@1.0.1', null ]
335 verbose cache add spec sliced@1.0.1
336 silly cache add parsed spec Result {
336 silly cache add   raw: 'sliced@1.0.1',
336 silly cache add   scope: null,
336 silly cache add   name: 'sliced',
336 silly cache add   rawSpec: '1.0.1',
336 silly cache add   spec: '1.0.1',
336 silly cache add   type: 'version' }
337 silly addNamed sliced@1.0.1
338 verbose addNamed "1.0.1" is a plain semver version for sliced
339 silly mapToRegistry name sliced
340 silly mapToRegistry using default registry
341 silly mapToRegistry registry https://registry.npmjs.org/
342 silly mapToRegistry uri https://registry.npmjs.org/sliced
343 verbose addNameVersion registry:https://registry.npmjs.org/sliced not in flight; fetching
344 silly resolveWithNewModule regexp-clone@0.0.1 checking installable status
345 silly cache add args [ 'regexp-clone@0.0.1', null ]
346 verbose cache add spec regexp-clone@0.0.1
347 silly cache add parsed spec Result {
347 silly cache add   raw: 'regexp-clone@0.0.1',
347 silly cache add   scope: null,
347 silly cache add   name: 'regexp-clone',
347 silly cache add   rawSpec: '0.0.1',
347 silly cache add   spec: '0.0.1',
347 silly cache add   type: 'version' }
348 silly addNamed regexp-clone@0.0.1
349 verbose addNamed "0.0.1" is a plain semver version for regexp-clone
350 silly mapToRegistry name regexp-clone
351 silly mapToRegistry using default registry
352 silly mapToRegistry registry https://registry.npmjs.org/
353 silly mapToRegistry uri https://registry.npmjs.org/regexp-clone
354 verbose addNameVersion registry:https://registry.npmjs.org/regexp-clone not in flight; fetching
355 verbose get https://registry.npmjs.org/sliced not expired, no request
356 verbose get https://registry.npmjs.org/regexp-clone not expired, no request
357 verbose get https://registry.npmjs.org/mpath not expired, no request
358 silly cache afterAdd sliced@1.0.1
359 verbose afterAdd /home/patrick/.npm/sliced/1.0.1/package/package.json not in flight; writing
360 silly cache afterAdd regexp-clone@0.0.1
361 verbose afterAdd /home/patrick/.npm/regexp-clone/0.0.1/package/package.json not in flight; writing
362 silly cache afterAdd mpath@0.3.0
363 verbose afterAdd /home/patrick/.npm/mpath/0.3.0/package/package.json not in flight; writing
364 verbose afterAdd /home/patrick/.npm/sliced/1.0.1/package/package.json written
365 verbose afterAdd /home/patrick/.npm/regexp-clone/0.0.1/package/package.json written
366 verbose afterAdd /home/patrick/.npm/mpath/0.3.0/package/package.json written
367 http 304 https://registry.npmjs.org/mongoose-legacy-pluralize
368 verbose headers { date: 'Wed, 21 Mar 2018 10:34:23 GMT',
368 verbose headers   via: '1.1 varnish',
368 verbose headers   'cache-control': 'max-age=300',
368 verbose headers   etag: '"5a6e5e6e-1217"',
368 verbose headers   age: '0',
368 verbose headers   connection: 'keep-alive',
368 verbose headers   'x-served-by': 'cache-bne7722-BNE',
368 verbose headers   'x-cache': 'MISS',
368 verbose headers   'x-cache-hits': '0',
368 verbose headers   'x-timer': 'S1521628464.675942,VS0,VE404',
368 verbose headers   vary: 'Accept-Encoding, Accept' }
369 silly get cb [ 304,
369 silly get   { date: 'Wed, 21 Mar 2018 10:34:23 GMT',
369 silly get     via: '1.1 varnish',
369 silly get     'cache-control': 'max-age=300',
369 silly get     etag: '"5a6e5e6e-1217"',
369 silly get     age: '0',
369 silly get     connection: 'keep-alive',
369 silly get     'x-served-by': 'cache-bne7722-BNE',
369 silly get     'x-cache': 'MISS',
369 silly get     'x-cache-hits': '0',
369 silly get     'x-timer': 'S1521628464.675942,VS0,VE404',
369 silly get     vary: 'Accept-Encoding, Accept' } ]
370 verbose etag https://registry.npmjs.org/mongoose-legacy-pluralize from cache
371 verbose get saving mongoose-legacy-pluralize to /home/patrick/.npm/registry.npmjs.org/mongoose-legacy-pluralize/.cache.json
372 silly resolveWithNewModule mongoose-legacy-pluralize@1.0.2 checking installable status
373 silly cache add args [ 'mongoose-legacy-pluralize@1.0.2', null ]
374 verbose cache add spec mongoose-legacy-pluralize@1.0.2
375 silly cache add parsed spec Result {
375 silly cache add   raw: 'mongoose-legacy-pluralize@1.0.2',
375 silly cache add   scope: null,
375 silly cache add   name: 'mongoose-legacy-pluralize',
375 silly cache add   rawSpec: '1.0.2',
375 silly cache add   spec: '1.0.2',
375 silly cache add   type: 'version' }
376 silly addNamed mongoose-legacy-pluralize@1.0.2
377 verbose addNamed "1.0.2" is a plain semver version for mongoose-legacy-pluralize
378 silly mapToRegistry name mongoose-legacy-pluralize
379 silly mapToRegistry using default registry
380 silly mapToRegistry registry https://registry.npmjs.org/
381 silly mapToRegistry uri https://registry.npmjs.org/mongoose-legacy-pluralize
382 verbose addNameVersion registry:https://registry.npmjs.org/mongoose-legacy-pluralize not in flight; fetching
383 verbose get https://registry.npmjs.org/mongoose-legacy-pluralize not expired, no request
384 silly cache afterAdd mongoose-legacy-pluralize@1.0.2
385 verbose afterAdd /home/patrick/.npm/mongoose-legacy-pluralize/1.0.2/package/package.json not in flight; writing
386 verbose afterAdd /home/patrick/.npm/mongoose-legacy-pluralize/1.0.2/package/package.json written
387 http 200 https://registry.npmjs.org/mquery
388 verbose headers { 'content-type': 'application/json; charset=UTF-8',
388 verbose headers   server: 'UploadServer',
388 verbose headers   'cache-control': 'max-age=300',
388 verbose headers   'last-modified': 'Tue, 20 Mar 2018 17:46:29 GMT',
388 verbose headers   etag: '"5ab148f5-18e70"',
388 verbose headers   'x-npm-region': 'OZ',
388 verbose headers   'content-encoding': 'gzip',
388 verbose headers   'content-length': '16050',
388 verbose headers   'accept-ranges': 'bytes',
388 verbose headers   date: 'Wed, 21 Mar 2018 10:34:24 GMT',
388 verbose headers   via: '1.1 varnish',
388 verbose headers   age: '0',
388 verbose headers   connection: 'keep-alive',
388 verbose headers   'x-served-by': 'cache-bne7723-BNE',
388 verbose headers   'x-cache': 'MISS',
388 verbose headers   'x-cache-hits': '0',
388 verbose headers   'x-timer': 'S1521628464.675718,VS0,VE413',
388 verbose headers   vary: 'Accept-Encoding, Accept' }
389 silly get cb [ 200,
389 silly get   { 'content-type': 'application/json; charset=UTF-8',
389 silly get     server: 'UploadServer',
389 silly get     'cache-control': 'max-age=300',
389 silly get     'last-modified': 'Tue, 20 Mar 2018 17:46:29 GMT',
389 silly get     etag: '"5ab148f5-18e70"',
389 silly get     'x-npm-region': 'OZ',
389 silly get     'content-encoding': 'gzip',
389 silly get     'content-length': '16050',
389 silly get     'accept-ranges': 'bytes',
389 silly get     date: 'Wed, 21 Mar 2018 10:34:24 GMT',
389 silly get     via: '1.1 varnish',
389 silly get     age: '0',
389 silly get     connection: 'keep-alive',
389 silly get     'x-served-by': 'cache-bne7723-BNE',
389 silly get     'x-cache': 'MISS',
389 silly get     'x-cache-hits': '0',
389 silly get     'x-timer': 'S1521628464.675718,VS0,VE413',
389 silly get     vary: 'Accept-Encoding, Accept' } ]
390 verbose get saving mquery to /home/patrick/.npm/registry.npmjs.org/mquery/.cache.json
391 silly resolveWithNewModule mquery@3.0.0 checking installable status
392 silly cache add args [ 'mquery@3.0.0', null ]
393 verbose cache add spec mquery@3.0.0
394 silly cache add parsed spec Result {
394 silly cache add   raw: 'mquery@3.0.0',
394 silly cache add   scope: null,
394 silly cache add   name: 'mquery',
394 silly cache add   rawSpec: '3.0.0',
394 silly cache add   spec: '3.0.0',
394 silly cache add   type: 'version' }
395 silly addNamed mquery@3.0.0
396 verbose addNamed "3.0.0" is a plain semver version for mquery
397 silly mapToRegistry name mquery
398 silly mapToRegistry using default registry
399 silly mapToRegistry registry https://registry.npmjs.org/
400 silly mapToRegistry uri https://registry.npmjs.org/mquery
401 verbose addNameVersion registry:https://registry.npmjs.org/mquery not in flight; fetching
402 verbose get https://registry.npmjs.org/mquery not expired, no request
403 silly cache afterAdd mquery@3.0.0
404 verbose afterAdd /home/patrick/.npm/mquery/3.0.0/package/package.json not in flight; writing
405 verbose afterAdd /home/patrick/.npm/mquery/3.0.0/package/package.json written
406 http 304 https://registry.npmjs.org/kareem
407 verbose headers { date: 'Wed, 21 Mar 2018 10:34:23 GMT',
407 verbose headers   via: '1.1 varnish',
407 verbose headers   'cache-control': 'max-age=300',
407 verbose headers   etag: '"5a8f51b7-d84f"',
407 verbose headers   age: '0',
407 verbose headers   connection: 'keep-alive',
407 verbose headers   'x-served-by': 'cache-bne7722-BNE',
407 verbose headers   'x-cache': 'MISS',
407 verbose headers   'x-cache-hits': '0',
407 verbose headers   'x-timer': 'S1521628464.665020,VS0,VE561',
407 verbose headers   vary: 'Accept-Encoding, Accept' }
408 silly get cb [ 304,
408 silly get   { date: 'Wed, 21 Mar 2018 10:34:23 GMT',
408 silly get     via: '1.1 varnish',
408 silly get     'cache-control': 'max-age=300',
408 silly get     etag: '"5a8f51b7-d84f"',
408 silly get     age: '0',
408 silly get     connection: 'keep-alive',
408 silly get     'x-served-by': 'cache-bne7722-BNE',
408 silly get     'x-cache': 'MISS',
408 silly get     'x-cache-hits': '0',
408 silly get     'x-timer': 'S1521628464.665020,VS0,VE561',
408 silly get     vary: 'Accept-Encoding, Accept' } ]
409 verbose etag https://registry.npmjs.org/kareem from cache
410 verbose get saving kareem to /home/patrick/.npm/registry.npmjs.org/kareem/.cache.json
411 silly resolveWithNewModule kareem@2.0.5 checking installable status
412 silly cache add args [ 'kareem@2.0.5', null ]
413 verbose cache add spec kareem@2.0.5
414 silly cache add parsed spec Result {
414 silly cache add   raw: 'kareem@2.0.5',
414 silly cache add   scope: null,
414 silly cache add   name: 'kareem',
414 silly cache add   rawSpec: '2.0.5',
414 silly cache add   spec: '2.0.5',
414 silly cache add   type: 'version' }
415 silly addNamed kareem@2.0.5
416 verbose addNamed "2.0.5" is a plain semver version for kareem
417 silly mapToRegistry name kareem
418 silly mapToRegistry using default registry
419 silly mapToRegistry registry https://registry.npmjs.org/
420 silly mapToRegistry uri https://registry.npmjs.org/kareem
421 verbose addNameVersion registry:https://registry.npmjs.org/kareem not in flight; fetching
422 verbose get https://registry.npmjs.org/kareem not expired, no request
423 silly cache afterAdd kareem@2.0.5
424 verbose afterAdd /home/patrick/.npm/kareem/2.0.5/package/package.json not in flight; writing
425 verbose afterAdd /home/patrick/.npm/kareem/2.0.5/package/package.json written
426 silly fetchNamedPackageData lodash
427 silly mapToRegistry name lodash
428 silly mapToRegistry using default registry
429 silly mapToRegistry registry https://registry.npmjs.org/
430 silly mapToRegistry uri https://registry.npmjs.org/lodash
431 verbose request uri https://registry.npmjs.org/lodash
432 verbose request no auth needed
433 info attempt registry request try #1 at 8:34:24 PM
434 verbose etag "5aaf2415-2b652"
435 verbose lastModified Mon, 19 Mar 2018 2:44:37 GMT
436 http request GET https://registry.npmjs.org/lodash
437 http 200 https://registry.npmjs.org/lodash
438 verbose headers { 'content-type': 'application/json; charset=UTF-8',
438 verbose headers   server: 'UploadServer',
438 verbose headers   'cache-control': 'max-age=300',
438 verbose headers   'last-modified': 'Wed, 21 Mar 2018 8:58:01 GMT',
438 verbose headers   etag: '"5ab21e99-2b6a4"',
438 verbose headers   'x-npm-region': 'OZ',
438 verbose headers   'content-encoding': 'gzip',
438 verbose headers   'content-length': '20741',
438 verbose headers   'accept-ranges': 'bytes',
438 verbose headers   date: 'Wed, 21 Mar 2018 10:34:24 GMT',
438 verbose headers   via: '1.1 varnish',
438 verbose headers   age: '4422',
438 verbose headers   connection: 'keep-alive',
438 verbose headers   'x-served-by': 'cache-bne7720-BNE',
438 verbose headers   'x-cache': 'HIT',
438 verbose headers   'x-cache-hits': '7',
438 verbose headers   'x-timer': 'S1521628464.284218,VS0,VE0',
438 verbose headers   vary: 'Accept-Encoding, Accept' }
439 silly get cb [ 200,
439 silly get   { 'content-type': 'application/json; charset=UTF-8',
439 silly get     server: 'UploadServer',
439 silly get     'cache-control': 'max-age=300',
439 silly get     'last-modified': 'Wed, 21 Mar 2018 8:58:01 GMT',
439 silly get     etag: '"5ab21e99-2b6a4"',
439 silly get     'x-npm-region': 'OZ',
439 silly get     'content-encoding': 'gzip',
439 silly get     'content-length': '20741',
439 silly get     'accept-ranges': 'bytes',
439 silly get     date: 'Wed, 21 Mar 2018 10:34:24 GMT',
439 silly get     via: '1.1 varnish',
439 silly get     age: '4422',
439 silly get     connection: 'keep-alive',
439 silly get     'x-served-by': 'cache-bne7720-BNE',
439 silly get     'x-cache': 'HIT',
439 silly get     'x-cache-hits': '7',
439 silly get     'x-timer': 'S1521628464.284218,VS0,VE0',
439 silly get     vary: 'Accept-Encoding, Accept' } ]
440 verbose get saving lodash to /home/patrick/.npm/registry.npmjs.org/lodash/.cache.json
441 silly resolveWithNewModule lodash@4.17.5 checking installable status
442 silly cache add args [ 'lodash@^4.14.0', null ]
443 verbose cache add spec lodash@^4.14.0
444 silly cache add parsed spec Result {
444 silly cache add   raw: 'lodash@^4.14.0',
444 silly cache add   scope: null,
444 silly cache add   name: 'lodash',
444 silly cache add   rawSpec: '^4.14.0',
444 silly cache add   spec: '>=4.14.0 <5.0.0',
444 silly cache add   type: 'range' }
445 silly addNamed lodash@>=4.14.0 <5.0.0
446 verbose addNamed ">=4.14.0 <5.0.0" is a valid semver range for lodash
447 silly addNameRange { name: 'lodash', range: '>=4.14.0 <5.0.0', hasData: false }
448 silly mapToRegistry name lodash
449 silly mapToRegistry using default registry
450 silly mapToRegistry registry https://registry.npmjs.org/
451 silly mapToRegistry uri https://registry.npmjs.org/lodash
452 verbose addNameRange registry:https://registry.npmjs.org/lodash not in flight; fetching
453 verbose get https://registry.npmjs.org/lodash not expired, no request
454 silly addNameRange number 2 { name: 'lodash', range: '>=4.14.0 <5.0.0', hasData: true }
455 silly addNameRange versions [ 'lodash',
455 silly addNameRange   [ '0.1.0',
455 silly addNameRange     '0.2.0',
455 silly addNameRange     '0.2.1',
455 silly addNameRange     '0.2.2',
455 silly addNameRange     '0.3.0',
455 silly addNameRange     '0.3.1',
455 silly addNameRange     '0.3.2',
455 silly addNameRange     '0.4.0',
455 silly addNameRange     '0.4.1',
455 silly addNameRange     '0.4.2',
455 silly addNameRange     '0.5.0-rc.1',
455 silly addNameRange     '0.5.0',
455 silly addNameRange     '0.5.1',
455 silly addNameRange     '0.5.2',
455 silly addNameRange     '0.6.0',
455 silly addNameRange     '0.6.1',
455 silly addNameRange     '0.7.0',
455 silly addNameRange     '0.8.0',
455 silly addNameRange     '0.8.1',
455 silly addNameRange     '0.8.2',
455 silly addNameRange     '0.9.0',
455 silly addNameRange     '0.9.1',
455 silly addNameRange     '0.9.2',
455 silly addNameRange     '0.10.0',
455 silly addNameRange     '1.0.0-rc.1',
455 silly addNameRange     '1.0.0-rc.2',
455 silly addNameRange     '1.0.0-rc.3',
455 silly addNameRange     '1.0.0',
455 silly addNameRange     '1.0.1',
455 silly addNameRange     '1.1.0',
455 silly addNameRange     '1.1.1',
455 silly addNameRange     '1.2.0',
455 silly addNameRange     '1.2.1',
455 silly addNameRange     '1.3.0',
455 silly addNameRange     '1.3.1',
455 silly addNameRange     '2.0.0',
455 silly addNameRange     '2.1.0',
455 silly addNameRange     '2.2.0',
455 silly addNameRange     '2.2.1',
455 silly addNameRange     '2.3.0',
455 silly addNameRange     '2.4.0',
455 silly addNameRange     '2.4.1',
455 silly addNameRange     '3.0.0',
455 silly addNameRange     '3.0.1',
455 silly addNameRange     '3.1.0',
455 silly addNameRange     '3.2.0',
455 silly addNameRange     '3.3.0',
455 silly addNameRange     '3.3.1',
455 silly addNameRange     '3.4.0',
455 silly addNameRange     '3.5.0',
455 silly addNameRange     '3.6.0',
455 silly addNameRange     '1.0.2',
455 silly addNameRange     '3.7.0',
455 silly addNameRange     '2.4.2',
455 silly addNameRange     '3.8.0',
455 silly addNameRange     '3.9.0',
455 silly addNameRange     '3.9.1',
455 silly addNameRange     '3.9.2',
455 silly addNameRange     '3.9.3',
455 silly addNameRange     '3.10.0',
455 silly addNameRange     '3.10.1',
455 silly addNameRange     '4.0.0',
455 silly addNameRange     '4.0.1',
455 silly addNameRange     '4.1.0',
455 silly addNameRange     '4.2.0',
455 silly addNameRange     '4.2.1',
455 silly addNameRange     '4.3.0',
455 silly addNameRange     '4.4.0',
455 silly addNameRange     '4.5.0',
455 silly addNameRange     '4.5.1',
455 silly addNameRange     '4.6.0',
455 silly addNameRange     '4.6.1',
455 silly addNameRange     '4.7.0',
455 silly addNameRange     '4.8.0',
455 silly addNameRange     '4.8.1',
455 silly addNameRange     '4.8.2',
455 silly addNameRange     '4.9.0',
455 silly addNameRange     '4.10.0',
455 silly addNameRange     '4.11.0',
455 silly addNameRange     '4.11.1',
455 silly addNameRange     '4.11.2',
455 silly addNameRange     '4.12.0',
455 silly addNameRange     '4.13.0',
455 silly addNameRange     '4.13.1',
455 silly addNameRange     '4.14.0',
455 silly addNameRange     '4.14.1',
455 silly addNameRange     '4.14.2',
455 silly addNameRange     '4.15.0',
455 silly addNameRange     '4.16.0',
455 silly addNameRange     '4.16.1',
455 silly addNameRange     '4.16.2',
455 silly addNameRange     '4.16.3',
455 silly addNameRange     '4.16.4',
455 silly addNameRange     '4.16.5',
455 silly addNameRange     '4.16.6',
455 silly addNameRange     '4.17.0',
455 silly addNameRange     '4.17.1',
455 silly addNameRange     '4.17.2',
455 silly addNameRange     '4.17.3',
455 silly addNameRange     '4.17.4',
455 silly addNameRange     '4.17.5' ] ]
456 silly addNamed lodash@4.17.5
457 verbose addNamed "4.17.5" is a plain semver version for lodash
458 silly cache afterAdd lodash@4.17.5
459 verbose afterAdd /home/patrick/.npm/lodash/4.17.5/package/package.json not in flight; writing
460 verbose afterAdd /home/patrick/.npm/lodash/4.17.5/package/package.json written
461 silly fetchNamedPackageData mongodb-core
462 silly mapToRegistry name mongodb-core
463 silly mapToRegistry using default registry
464 silly mapToRegistry registry https://registry.npmjs.org/
465 silly mapToRegistry uri https://registry.npmjs.org/mongodb-core
466 verbose request uri https://registry.npmjs.org/mongodb-core
467 verbose request no auth needed
468 info attempt registry request try #1 at 8:34:24 PM
469 verbose etag "5aa937b5-3a7fd"
470 verbose lastModified Wed, 14 Mar 2018 14:54:45 GMT
471 http request GET https://registry.npmjs.org/mongodb-core
472 http 304 https://registry.npmjs.org/mongodb-core
473 verbose headers { date: 'Wed, 21 Mar 2018 10:34:24 GMT',
473 verbose headers   via: '1.1 varnish',
473 verbose headers   'cache-control': 'max-age=300',
473 verbose headers   etag: '"5aa937b5-3a7fd"',
473 verbose headers   age: '7158',
473 verbose headers   connection: 'keep-alive',
473 verbose headers   'x-served-by': 'cache-bne7721-BNE',
473 verbose headers   'x-cache': 'HIT',
473 verbose headers   'x-cache-hits': '1',
473 verbose headers   'x-timer': 'S1521628464.428890,VS0,VE0',
473 verbose headers   vary: 'Accept-Encoding, Accept' }
474 silly get cb [ 304,
474 silly get   { date: 'Wed, 21 Mar 2018 10:34:24 GMT',
474 silly get     via: '1.1 varnish',
474 silly get     'cache-control': 'max-age=300',
474 silly get     etag: '"5aa937b5-3a7fd"',
474 silly get     age: '7158',
474 silly get     connection: 'keep-alive',
474 silly get     'x-served-by': 'cache-bne7721-BNE',
474 silly get     'x-cache': 'HIT',
474 silly get     'x-cache-hits': '1',
474 silly get     'x-timer': 'S1521628464.428890,VS0,VE0',
474 silly get     vary: 'Accept-Encoding, Accept' } ]
475 verbose etag https://registry.npmjs.org/mongodb-core from cache
476 verbose get saving mongodb-core to /home/patrick/.npm/registry.npmjs.org/mongodb-core/.cache.json
477 silly resolveWithNewModule mongodb-core@3.0.4 checking installable status
478 silly cache add args [ 'mongodb-core@3.0.4', null ]
479 verbose cache add spec mongodb-core@3.0.4
480 silly cache add parsed spec Result {
480 silly cache add   raw: 'mongodb-core@3.0.4',
480 silly cache add   scope: null,
480 silly cache add   name: 'mongodb-core',
480 silly cache add   rawSpec: '3.0.4',
480 silly cache add   spec: '3.0.4',
480 silly cache add   type: 'version' }
481 silly addNamed mongodb-core@3.0.4
482 verbose addNamed "3.0.4" is a plain semver version for mongodb-core
483 silly mapToRegistry name mongodb-core
484 silly mapToRegistry using default registry
485 silly mapToRegistry registry https://registry.npmjs.org/
486 silly mapToRegistry uri https://registry.npmjs.org/mongodb-core
487 verbose addNameVersion registry:https://registry.npmjs.org/mongodb-core not in flight; fetching
488 verbose get https://registry.npmjs.org/mongodb-core not expired, no request
489 silly cache afterAdd mongodb-core@3.0.4
490 verbose afterAdd /home/patrick/.npm/mongodb-core/3.0.4/package/package.json not in flight; writing
491 verbose afterAdd /home/patrick/.npm/mongodb-core/3.0.4/package/package.json written
492 silly fetchNamedPackageData require_optional
493 silly mapToRegistry name require_optional
494 silly mapToRegistry using default registry
495 silly mapToRegistry registry https://registry.npmjs.org/
496 silly mapToRegistry uri https://registry.npmjs.org/require_optional
497 verbose request uri https://registry.npmjs.org/require_optional
498 verbose request no auth needed
499 info attempt registry request try #1 at 8:34:24 PM
500 verbose etag "5940e121-fb1"
501 verbose lastModified Wed, 14 Jun 2017 7:09:21 GMT
502 http request GET https://registry.npmjs.org/require_optional
503 http 304 https://registry.npmjs.org/require_optional
504 verbose headers { date: 'Wed, 21 Mar 2018 10:34:24 GMT',
504 verbose headers   via: '1.1 varnish',
504 verbose headers   'cache-control': 'max-age=300',
504 verbose headers   etag: '"5940e121-fb1"',
504 verbose headers   age: '7157',
504 verbose headers   connection: 'keep-alive',
504 verbose headers   'x-served-by': 'cache-bne7721-BNE',
504 verbose headers   'x-cache': 'HIT',
504 verbose headers   'x-cache-hits': '1',
504 verbose headers   'x-timer': 'S1521628464.492385,VS0,VE0',
504 verbose headers   vary: 'Accept-Encoding, Accept' }
505 silly get cb [ 304,
505 silly get   { date: 'Wed, 21 Mar 2018 10:34:24 GMT',
505 silly get     via: '1.1 varnish',
505 silly get     'cache-control': 'max-age=300',
505 silly get     etag: '"5940e121-fb1"',
505 silly get     age: '7157',
505 silly get     connection: 'keep-alive',
505 silly get     'x-served-by': 'cache-bne7721-BNE',
505 silly get     'x-cache': 'HIT',
505 silly get     'x-cache-hits': '1',
505 silly get     'x-timer': 'S1521628464.492385,VS0,VE0',
505 silly get     vary: 'Accept-Encoding, Accept' } ]
506 verbose etag https://registry.npmjs.org/require_optional from cache
507 verbose get saving require_optional to /home/patrick/.npm/registry.npmjs.org/require_optional/.cache.json
508 silly resolveWithNewModule require_optional@1.0.1 checking installable status
509 silly cache add args [ 'require_optional@^1.0.1', null ]
510 verbose cache add spec require_optional@^1.0.1
511 silly cache add parsed spec Result {
511 silly cache add   raw: 'require_optional@^1.0.1',
511 silly cache add   scope: null,
511 silly cache add   name: 'require_optional',
511 silly cache add   rawSpec: '^1.0.1',
511 silly cache add   spec: '>=1.0.1 <2.0.0',
511 silly cache add   type: 'range' }
512 silly addNamed require_optional@>=1.0.1 <2.0.0
513 verbose addNamed ">=1.0.1 <2.0.0" is a valid semver range for require_optional
514 silly addNameRange { name: 'require_optional',
514 silly addNameRange   range: '>=1.0.1 <2.0.0',
514 silly addNameRange   hasData: false }
515 silly mapToRegistry name require_optional
516 silly mapToRegistry using default registry
517 silly mapToRegistry registry https://registry.npmjs.org/
518 silly mapToRegistry uri https://registry.npmjs.org/require_optional
519 verbose addNameRange registry:https://registry.npmjs.org/require_optional not in flight; fetching
520 verbose get https://registry.npmjs.org/require_optional not expired, no request
521 silly addNameRange number 2 { name: 'require_optional',
521 silly addNameRange   range: '>=1.0.1 <2.0.0',
521 silly addNameRange   hasData: true }
522 silly addNameRange versions [ 'require_optional', [ '1.0.0', '1.0.1' ] ]
523 silly addNamed require_optional@1.0.1
524 verbose addNamed "1.0.1" is a plain semver version for require_optional
525 silly cache afterAdd require_optional@1.0.1
526 verbose afterAdd /home/patrick/.npm/require_optional/1.0.1/package/package.json not in flight; writing
527 verbose afterAdd /home/patrick/.npm/require_optional/1.0.1/package/package.json written
528 silly fetchNamedPackageData semver
529 silly mapToRegistry name semver
530 silly mapToRegistry using default registry
531 silly mapToRegistry registry https://registry.npmjs.org/
532 silly mapToRegistry uri https://registry.npmjs.org/semver
533 silly fetchNamedPackageData resolve-from
534 silly mapToRegistry name resolve-from
535 silly mapToRegistry using default registry
536 silly mapToRegistry registry https://registry.npmjs.org/
537 silly mapToRegistry uri https://registry.npmjs.org/resolve-from
538 verbose request uri https://registry.npmjs.org/semver
539 verbose request no auth needed
540 info attempt registry request try #1 at 8:34:24 PM
541 verbose etag "5aaa2d54-131c8"
542 verbose lastModified Thu, 15 Mar 2018 8:22:44 GMT
543 http request GET https://registry.npmjs.org/semver
544 verbose request uri https://registry.npmjs.org/resolve-from
545 verbose request no auth needed
546 info attempt registry request try #1 at 8:34:24 PM
547 verbose etag "5a76919c-2318"
548 verbose lastModified Sun, 4 Feb 2018 4:52:44 GMT
549 http request GET https://registry.npmjs.org/resolve-from
550 http 304 https://registry.npmjs.org/resolve-from
551 verbose headers { date: 'Wed, 21 Mar 2018 10:34:24 GMT',
551 verbose headers   via: '1.1 varnish',
551 verbose headers   'cache-control': 'max-age=300',
551 verbose headers   etag: '"5a76919c-2318"',
551 verbose headers   age: '9052',
551 verbose headers   connection: 'keep-alive',
551 verbose headers   'x-served-by': 'cache-bne7723-BNE',
551 verbose headers   'x-cache': 'HIT',
551 verbose headers   'x-cache-hits': '5',
551 verbose headers   'x-timer': 'S1521628465.543525,VS0,VE0',
551 verbose headers   vary: 'Accept-Encoding, Accept' }
552 silly get cb [ 304,
552 silly get   { date: 'Wed, 21 Mar 2018 10:34:24 GMT',
552 silly get     via: '1.1 varnish',
552 silly get     'cache-control': 'max-age=300',
552 silly get     etag: '"5a76919c-2318"',
552 silly get     age: '9052',
552 silly get     connection: 'keep-alive',
552 silly get     'x-served-by': 'cache-bne7723-BNE',
552 silly get     'x-cache': 'HIT',
552 silly get     'x-cache-hits': '5',
552 silly get     'x-timer': 'S1521628465.543525,VS0,VE0',
552 silly get     vary: 'Accept-Encoding, Accept' } ]
553 verbose etag https://registry.npmjs.org/resolve-from from cache
554 verbose get saving resolve-from to /home/patrick/.npm/registry.npmjs.org/resolve-from/.cache.json
555 silly resolveWithNewModule resolve-from@2.0.0 checking installable status
556 silly cache add args [ 'resolve-from@^2.0.0', null ]
557 verbose cache add spec resolve-from@^2.0.0
558 silly cache add parsed spec Result {
558 silly cache add   raw: 'resolve-from@^2.0.0',
558 silly cache add   scope: null,
558 silly cache add   name: 'resolve-from',
558 silly cache add   rawSpec: '^2.0.0',
558 silly cache add   spec: '>=2.0.0 <3.0.0',
558 silly cache add   type: 'range' }
559 silly addNamed resolve-from@>=2.0.0 <3.0.0
560 verbose addNamed ">=2.0.0 <3.0.0" is a valid semver range for resolve-from
561 silly addNameRange { name: 'resolve-from', range: '>=2.0.0 <3.0.0', hasData: false }
562 silly mapToRegistry name resolve-from
563 silly mapToRegistry using default registry
564 silly mapToRegistry registry https://registry.npmjs.org/
565 silly mapToRegistry uri https://registry.npmjs.org/resolve-from
566 verbose addNameRange registry:https://registry.npmjs.org/resolve-from not in flight; fetching
567 verbose get https://registry.npmjs.org/resolve-from not expired, no request
568 silly addNameRange number 2 { name: 'resolve-from', range: '>=2.0.0 <3.0.0', hasData: true }
569 silly addNameRange versions [ 'resolve-from',
569 silly addNameRange   [ '1.0.0', '1.0.1', '2.0.0', '3.0.0', '4.0.0' ] ]
570 silly addNamed resolve-from@2.0.0
571 verbose addNamed "2.0.0" is a plain semver version for resolve-from
572 http 200 https://registry.npmjs.org/semver
573 verbose headers { 'content-type': 'application/json; charset=UTF-8',
573 verbose headers   server: 'UploadServer',
573 verbose headers   'cache-control': 'max-age=300',
573 verbose headers   'last-modified': 'Wed, 21 Mar 2018 3:26:01 GMT',
573 verbose headers   etag: '"5ab1d0c9-131d8"',
573 verbose headers   'x-npm-region': 'OZ',
573 verbose headers   'content-encoding': 'gzip',
573 verbose headers   'content-length': '13857',
573 verbose headers   'accept-ranges': 'bytes',
573 verbose headers   date: 'Wed, 21 Mar 2018 10:34:24 GMT',
573 verbose headers   via: '1.1 varnish',
573 verbose headers   age: '10462',
573 verbose headers   connection: 'keep-alive',
573 verbose headers   'x-served-by': 'cache-bne7720-BNE',
573 verbose headers   'x-cache': 'HIT',
573 verbose headers   'x-cache-hits': '16',
573 verbose headers   'x-timer': 'S1521628465.541691,VS0,VE0',
573 verbose headers   vary: 'Accept-Encoding, Accept' }
574 silly get cb [ 200,
574 silly get   { 'content-type': 'application/json; charset=UTF-8',
574 silly get     server: 'UploadServer',
574 silly get     'cache-control': 'max-age=300',
574 silly get     'last-modified': 'Wed, 21 Mar 2018 3:26:01 GMT',
574 silly get     etag: '"5ab1d0c9-131d8"',
574 silly get     'x-npm-region': 'OZ',
574 silly get     'content-encoding': 'gzip',
574 silly get     'content-length': '13857',
574 silly get     'accept-ranges': 'bytes',
574 silly get     date: 'Wed, 21 Mar 2018 10:34:24 GMT',
574 silly get     via: '1.1 varnish',
574 silly get     age: '10462',
574 silly get     connection: 'keep-alive',
574 silly get     'x-served-by': 'cache-bne7720-BNE',
574 silly get     'x-cache': 'HIT',
574 silly get     'x-cache-hits': '16',
574 silly get     'x-timer': 'S1521628465.541691,VS0,VE0',
574 silly get     vary: 'Accept-Encoding, Accept' } ]
575 verbose get saving semver to /home/patrick/.npm/registry.npmjs.org/semver/.cache.json
576 silly cache afterAdd resolve-from@2.0.0
577 verbose afterAdd /home/patrick/.npm/resolve-from/2.0.0/package/package.json not in flight; writing
578 verbose afterAdd /home/patrick/.npm/resolve-from/2.0.0/package/package.json written
579 silly resolveWithNewModule semver@5.5.0 checking installable status
580 silly cache add args [ 'semver@^5.1.0', null ]
581 verbose cache add spec semver@^5.1.0
582 silly cache add parsed spec Result {
582 silly cache add   raw: 'semver@^5.1.0',
582 silly cache add   scope: null,
582 silly cache add   name: 'semver',
582 silly cache add   rawSpec: '^5.1.0',
582 silly cache add   spec: '>=5.1.0 <6.0.0',
582 silly cache add   type: 'range' }
583 silly addNamed semver@>=5.1.0 <6.0.0
584 verbose addNamed ">=5.1.0 <6.0.0" is a valid semver range for semver
585 silly addNameRange { name: 'semver', range: '>=5.1.0 <6.0.0', hasData: false }
586 silly mapToRegistry name semver
587 silly mapToRegistry using default registry
588 silly mapToRegistry registry https://registry.npmjs.org/
589 silly mapToRegistry uri https://registry.npmjs.org/semver
590 verbose addNameRange registry:https://registry.npmjs.org/semver not in flight; fetching
591 verbose get https://registry.npmjs.org/semver not expired, no request
592 silly addNameRange number 2 { name: 'semver', range: '>=5.1.0 <6.0.0', hasData: true }
593 silly addNameRange versions [ 'semver',
593 silly addNameRange   [ '1.0.0',
593 silly addNameRange     '1.0.1',
593 silly addNameRange     '1.0.2',
593 silly addNameRange     '1.0.3',
593 silly addNameRange     '1.0.4',
593 silly addNameRange     '1.0.5',
593 silly addNameRange     '1.0.6',
593 silly addNameRange     '1.0.7',
593 silly addNameRange     '1.0.8',
593 silly addNameRange     '1.0.9',
593 silly addNameRange     '1.0.10',
593 silly addNameRange     '1.0.11',
593 silly addNameRange     '1.0.12',
593 silly addNameRange     '1.0.13',
593 silly addNameRange     '1.0.14',
593 silly addNameRange     '1.1.0',
593 silly addNameRange     '1.1.1',
593 silly addNameRange     '1.1.2',
593 silly addNameRange     '1.1.3',
593 silly addNameRange     '1.1.4',
593 silly addNameRange     '2.0.0-alpha',
593 silly addNameRange     '2.0.0-beta',
593 silly addNameRange     '2.0.1',
593 silly addNameRange     '2.0.2',
593 silly addNameRange     '2.0.3',
593 silly addNameRange     '2.0.4',
593 silly addNameRange     '2.0.5',
593 silly addNameRange     '2.0.6',
593 silly addNameRange     '2.0.7',
593 silly addNameRange     '2.0.8',
593 silly addNameRange     '2.0.9',
593 silly addNameRange     '2.0.10',
593 silly addNameRange     '2.0.11',
593 silly addNameRange     '2.1.0',
593 silly addNameRange     '2.2.0',
593 silly addNameRange     '2.2.1',
593 silly addNameRange     '2.3.0',
593 silly addNameRange     '2.3.1',
593 silly addNameRange     '2.3.2',
593 silly addNameRange     '3.0.0',
593 silly addNameRange     '3.0.1',
593 silly addNameRange     '4.0.0',
593 silly addNameRange     '4.0.2',
593 silly addNameRange     '4.0.3',
593 silly addNameRange     '4.1.0',
593 silly addNameRange     '4.1.1',
593 silly addNameRange     '4.2.0',
593 silly addNameRange     '4.2.1',
593 silly addNameRange     '4.2.2',
593 silly addNameRange     '4.3.0',
593 silly addNameRange     '4.3.1',
593 silly addNameRange     '4.3.2',
593 silly addNameRange     '4.3.3',
593 silly addNameRange     '4.3.4',
593 silly addNameRange     '4.3.5',
593 silly addNameRange     '4.3.6',
593 silly addNameRange     '5.0.0',
593 silly addNameRange     '5.0.1',
593 silly addNameRange     '5.0.2',
593 silly addNameRange     '5.0.3',
593 silly addNameRange     '5.1.0',
593 silly addNameRange     '5.1.1',
593 silly addNameRange     '5.2.0',
593 silly addNameRange     '5.3.0',
593 silly addNameRange     '5.4.0',
593 silly addNameRange     '5.4.1',
593 silly addNameRange     '5.5.0' ] ]
594 silly addNamed semver@5.5.0
595 verbose addNamed "5.5.0" is a plain semver version for semver
596 silly cache afterAdd semver@5.5.0
597 verbose afterAdd /home/patrick/.npm/semver/5.5.0/package/package.json not in flight; writing
598 verbose afterAdd /home/patrick/.npm/semver/5.5.0/package/package.json written
599 silly fetchNamedPackageData bluebird
600 silly mapToRegistry name bluebird
601 silly mapToRegistry using default registry
602 silly mapToRegistry registry https://registry.npmjs.org/
603 silly mapToRegistry uri https://registry.npmjs.org/bluebird
604 silly fetchNamedPackageData sliced
605 silly mapToRegistry name sliced
606 silly mapToRegistry using default registry
607 silly mapToRegistry registry https://registry.npmjs.org/
608 silly mapToRegistry uri https://registry.npmjs.org/sliced
609 silly resolveWithNewModule sliced@0.0.5 checking installable status
610 silly cache add args [ 'sliced@0.0.5', null ]
611 verbose cache add spec sliced@0.0.5
612 silly cache add parsed spec Result {
612 silly cache add   raw: 'sliced@0.0.5',
612 silly cache add   scope: null,
612 silly cache add   name: 'sliced',
612 silly cache add   rawSpec: '0.0.5',
612 silly cache add   spec: '0.0.5',
612 silly cache add   type: 'version' }
613 silly addNamed sliced@0.0.5
614 verbose addNamed "0.0.5" is a plain semver version for sliced
615 silly mapToRegistry name sliced
616 silly mapToRegistry using default registry
617 silly mapToRegistry registry https://registry.npmjs.org/
618 silly mapToRegistry uri https://registry.npmjs.org/sliced
619 verbose addNameVersion registry:https://registry.npmjs.org/sliced not in flight; fetching
620 verbose get https://registry.npmjs.org/sliced not expired, no request
621 verbose request uri https://registry.npmjs.org/bluebird
622 verbose request no auth needed
623 info attempt registry request try #1 at 8:34:24 PM
624 verbose etag "5aaf6a9c-616f2"
625 verbose lastModified Mon, 19 Mar 2018 7:45:32 GMT
626 http request GET https://registry.npmjs.org/bluebird
627 silly cache afterAdd sliced@0.0.5
628 verbose afterAdd /home/patrick/.npm/sliced/0.0.5/package/package.json not in flight; writing
629 verbose afterAdd /home/patrick/.npm/sliced/0.0.5/package/package.json written
630 http 200 https://registry.npmjs.org/bluebird
631 verbose headers { 'content-type': 'application/json; charset=UTF-8',
631 verbose headers   server: 'UploadServer',
631 verbose headers   'cache-control': 'max-age=300',
631 verbose headers   'last-modified': 'Wed, 21 Mar 2018 3:40:25 GMT',
631 verbose headers   etag: '"5ab1d429-61702"',
631 verbose headers   'x-npm-region': 'OZ',
631 verbose headers   'content-encoding': 'gzip',
631 verbose headers   'content-length': '27907',
631 verbose headers   'accept-ranges': 'bytes',
631 verbose headers   date: 'Wed, 21 Mar 2018 10:34:24 GMT',
631 verbose headers   via: '1.1 varnish',
631 verbose headers   age: '9783',
631 verbose headers   connection: 'keep-alive',
631 verbose headers   'x-served-by': 'cache-bne7723-BNE',
631 verbose headers   'x-cache': 'HIT',
631 verbose headers   'x-cache-hits': '8',
631 verbose headers   'x-timer': 'S1521628465.615777,VS0,VE0',
631 verbose headers   vary: 'Accept-Encoding, Accept' }
632 silly get cb [ 200,
632 silly get   { 'content-type': 'application/json; charset=UTF-8',
632 silly get     server: 'UploadServer',
632 silly get     'cache-control': 'max-age=300',
632 silly get     'last-modified': 'Wed, 21 Mar 2018 3:40:25 GMT',
632 silly get     etag: '"5ab1d429-61702"',
632 silly get     'x-npm-region': 'OZ',
632 silly get     'content-encoding': 'gzip',
632 silly get     'content-length': '27907',
632 silly get     'accept-ranges': 'bytes',
632 silly get     date: 'Wed, 21 Mar 2018 10:34:24 GMT',
632 silly get     via: '1.1 varnish',
632 silly get     age: '9783',
632 silly get     connection: 'keep-alive',
632 silly get     'x-served-by': 'cache-bne7723-BNE',
632 silly get     'x-cache': 'HIT',
632 silly get     'x-cache-hits': '8',
632 silly get     'x-timer': 'S1521628465.615777,VS0,VE0',
632 silly get     vary: 'Accept-Encoding, Accept' } ]
633 verbose get saving bluebird to /home/patrick/.npm/registry.npmjs.org/bluebird/.cache.json
634 silly resolveWithNewModule bluebird@3.5.0 checking installable status
635 silly cache add args [ 'bluebird@3.5.0', null ]
636 verbose cache add spec bluebird@3.5.0
637 silly cache add parsed spec Result {
637 silly cache add   raw: 'bluebird@3.5.0',
637 silly cache add   scope: null,
637 silly cache add   name: 'bluebird',
637 silly cache add   rawSpec: '3.5.0',
637 silly cache add   spec: '3.5.0',
637 silly cache add   type: 'version' }
638 silly addNamed bluebird@3.5.0
639 verbose addNamed "3.5.0" is a plain semver version for bluebird
640 silly mapToRegistry name bluebird
641 silly mapToRegistry using default registry
642 silly mapToRegistry registry https://registry.npmjs.org/
643 silly mapToRegistry uri https://registry.npmjs.org/bluebird
644 verbose addNameVersion registry:https://registry.npmjs.org/bluebird not in flight; fetching
645 verbose get https://registry.npmjs.org/bluebird not expired, no request
646 silly cache afterAdd bluebird@3.5.0
647 verbose afterAdd /home/patrick/.npm/bluebird/3.5.0/package/package.json not in flight; writing
648 verbose afterAdd /home/patrick/.npm/bluebird/3.5.0/package/package.json written
649 silly loadAllDepsIntoIdealTree Finishing
650 silly idealTree:prePrune cms@1.0.0
650 silly idealTree:prePrune  accepts@1.3.5
650 silly idealTree:prePrune  align-text@0.1.4
650 silly idealTree:prePrune  amdefine@1.0.1
650 silly idealTree:prePrune  array-flatten@1.1.1
650 silly idealTree:prePrune  asap@2.0.6
650 silly idealTree:prePrune  async@1.5.2
650 silly idealTree:prePrune  balanced-match@1.0.0
650 silly idealTree:prePrune  bluebird@3.5.0
650 silly idealTree:prePrune  body-parser@1.18.2
650 silly idealTree:prePrune  brace-expansion@1.1.11
650 silly idealTree:prePrune  bson@1.0.6
650 silly idealTree:prePrune  bytes@3.0.0
650 silly idealTree:prePrune  camelcase@1.2.1
650 silly idealTree:prePrune  center-align@0.1.3
650 silly idealTree:prePrune  cliui@2.1.0
650 silly idealTree:prePrune   wordwrap@0.0.2
650 silly idealTree:prePrune  concat-map@0.0.1
650 silly idealTree:prePrune  content-disposition@0.5.2
650 silly idealTree:prePrune  content-type@1.0.4
650 silly idealTree:prePrune  cookie-signature@1.0.6
650 silly idealTree:prePrune  cookie@0.3.1
650 silly idealTree:prePrune  debug@2.6.9
650 silly idealTree:prePrune  decamelize@1.2.0
650 silly idealTree:prePrune  define-properties@1.1.2
650 silly idealTree:prePrune  depd@1.1.2
650 silly idealTree:prePrune  destroy@1.0.4
650 silly idealTree:prePrune  ee-first@1.1.1
650 silly idealTree:prePrune  encodeurl@1.0.2
650 silly idealTree:prePrune  escape-html@1.0.3
650 silly idealTree:prePrune  etag@1.8.1
650 silly idealTree:prePrune  express-handlebars@3.0.0
650 silly idealTree:prePrune  express@4.16.3
650 silly idealTree:prePrune  finalhandler@1.1.1
650 silly idealTree:prePrune  foreach@2.0.5
650 silly idealTree:prePrune  forwarded@0.1.2
650 silly idealTree:prePrune  fresh@0.5.2
650 silly idealTree:prePrune  function-bind@1.1.1
650 silly idealTree:prePrune  glob@6.0.4
650 silly idealTree:prePrune  graceful-fs@4.1.11
650 silly idealTree:prePrune  handlebars@4.0.11
650 silly idealTree:prePrune  has-symbols@1.0.0
650 silly idealTree:prePrune  http-errors@1.6.2
650 silly idealTree:prePrune   depd@1.1.1
650 silly idealTree:prePrune   setprototypeof@1.0.3
650 silly idealTree:prePrune  iconv-lite@0.4.19
650 silly idealTree:prePrune  inflight@1.0.6
650 silly idealTree:prePrune  inherits@2.0.3
650 silly idealTree:prePrune  ipaddr.js@1.6.0
650 silly idealTree:prePrune  is-buffer@1.1.6
650 silly idealTree:prePrune  kareem@2.0.5
650 silly idealTree:prePrune  kind-of@3.2.2
650 silly idealTree:prePrune  lazy-cache@1.0.4
650 silly idealTree:prePrune  lodash.get@4.4.2
650 silly idealTree:prePrune  lodash@4.17.5
650 silly idealTree:prePrune  longest@1.0.1
650 silly idealTree:prePrune  media-typer@0.3.0
650 silly idealTree:prePrune  merge-descriptors@1.0.1
650 silly idealTree:prePrune  methods@1.1.2
650 silly idealTree:prePrune  mime-db@1.33.0
650 silly idealTree:prePrune  mime-types@2.1.18
650 silly idealTree:prePrune  mime@1.4.1
650 silly idealTree:prePrune  minimatch@3.0.4
650 silly idealTree:prePrune  minimist@0.0.10
650 silly idealTree:prePrune  mongodb-core@3.0.4
650 silly idealTree:prePrune  mongodb@3.0.4
650 silly idealTree:prePrune  mongoose-legacy-pluralize@1.0.2
650 silly idealTree:prePrune  mongoose@5.0.11
650 silly idealTree:prePrune   async@2.1.4
650 silly idealTree:prePrune  mpath@0.3.0
650 silly idealTree:prePrune  mquery@3.0.0
650 silly idealTree:prePrune   sliced@0.0.5
650 silly idealTree:prePrune  ms@2.0.0
650 silly idealTree:prePrune  negotiator@0.6.1
650 silly idealTree:prePrune  object-keys@1.0.11
650 silly idealTree:prePrune  object.assign@4.1.0
650 silly idealTree:prePrune  on-finished@2.3.0
650 silly idealTree:prePrune  once@1.4.0
650 silly idealTree:prePrune  optimist@0.6.1
650 silly idealTree:prePrune  parseurl@1.3.2
650 silly idealTree:prePrune  path-is-absolute@1.0.1
650 silly idealTree:prePrune  path-to-regexp@0.1.7
650 silly idealTree:prePrune  promise@7.3.1
650 silly idealTree:prePrune  proxy-addr@2.0.3
650 silly idealTree:prePrune  qs@6.5.1
650 silly idealTree:prePrune  range-parser@1.2.0
650 silly idealTree:prePrune  raw-body@2.3.2
650 silly idealTree:prePrune  regexp-clone@0.0.1
650 silly idealTree:prePrune  repeat-string@1.6.1
650 silly idealTree:prePrune  require_optional@1.0.1
650 silly idealTree:prePrune  resolve-from@2.0.0
650 silly idealTree:prePrune  right-align@0.1.3
650 silly idealTree:prePrune  safe-buffer@5.1.1
650 silly idealTree:prePrune  semver@5.5.0
650 silly idealTree:prePrune  send@0.16.2
650 silly idealTree:prePrune  serve-static@1.13.2
650 silly idealTree:prePrune  setprototypeof@1.1.0
650 silly idealTree:prePrune  sliced@1.0.1
650 silly idealTree:prePrune  source-map@0.4.4
650 silly idealTree:prePrune  statuses@1.4.0
650 silly idealTree:prePrune  type-is@1.6.16
650 silly idealTree:prePrune  uglify-js@2.8.29
650 silly idealTree:prePrune   source-map@0.5.7
650 silly idealTree:prePrune  uglify-to-browserify@1.0.2
650 silly idealTree:prePrune  unpipe@1.0.0
650 silly idealTree:prePrune  utils-merge@1.0.1
650 silly idealTree:prePrune  vary@1.1.2
650 silly idealTree:prePrune  window-size@0.1.0
650 silly idealTree:prePrune  wordwrap@0.0.3
650 silly idealTree:prePrune  wrappy@1.0.2
650 silly idealTree:prePrune  yargs@3.10.0
651 silly loadIdealTree Finishing
652 silly currentTree cms@1.0.0
652 silly currentTree  accepts@1.3.5
652 silly currentTree  align-text@0.1.4
652 silly currentTree  amdefine@1.0.1
652 silly currentTree  array-flatten@1.1.1
652 silly currentTree  asap@2.0.6
652 silly currentTree  async@1.5.2
652 silly currentTree  balanced-match@1.0.0
652 silly currentTree  bluebird@3.5.0
652 silly currentTree  body-parser@1.18.2
652 silly currentTree  brace-expansion@1.1.11
652 silly currentTree  bson@1.0.6
652 silly currentTree  bytes@3.0.0
652 silly currentTree  camelcase@1.2.1
652 silly currentTree  center-align@0.1.3
652 silly currentTree  cliui@2.1.0
652 silly currentTree   wordwrap@0.0.2
652 silly currentTree  concat-map@0.0.1
652 silly currentTree  content-disposition@0.5.2
652 silly currentTree  content-type@1.0.4
652 silly currentTree  cookie-signature@1.0.6
652 silly currentTree  cookie@0.3.1
652 silly currentTree  debug@2.6.9
652 silly currentTree  decamelize@1.2.0
652 silly currentTree  define-properties@1.1.2
652 silly currentTree  depd@1.1.2
652 silly currentTree  destroy@1.0.4
652 silly currentTree  ee-first@1.1.1
652 silly currentTree  encodeurl@1.0.2
652 silly currentTree  escape-html@1.0.3
652 silly currentTree  etag@1.8.1
652 silly currentTree  express-handlebars@3.0.0
652 silly currentTree  express@4.16.3
652 silly currentTree  finalhandler@1.1.1
652 silly currentTree  foreach@2.0.5
652 silly currentTree  forwarded@0.1.2
652 silly currentTree  fresh@0.5.2
652 silly currentTree  function-bind@1.1.1
652 silly currentTree  glob@6.0.4
652 silly currentTree  graceful-fs@4.1.11
652 silly currentTree  handlebars@4.0.11
652 silly currentTree  has-symbols@1.0.0
652 silly currentTree  http-errors@1.6.2
652 silly currentTree   depd@1.1.1
652 silly currentTree   setprototypeof@1.0.3
652 silly currentTree  iconv-lite@0.4.19
652 silly currentTree  inflight@1.0.6
652 silly currentTree  inherits@2.0.3
652 silly currentTree  ipaddr.js@1.6.0
652 silly currentTree  is-buffer@1.1.6
652 silly currentTree  kareem@2.0.5
652 silly currentTree  kind-of@3.2.2
652 silly currentTree  lazy-cache@1.0.4
652 silly currentTree  lodash.get@4.4.2
652 silly currentTree  lodash@4.17.5
652 silly currentTree  longest@1.0.1
652 silly currentTree  media-typer@0.3.0
652 silly currentTree  merge-descriptors@1.0.1
652 silly currentTree  methods@1.1.2
652 silly currentTree  mime-db@1.33.0
652 silly currentTree  mime-types@2.1.18
652 silly currentTree  mime@1.4.1
652 silly currentTree  minimatch@3.0.4
652 silly currentTree  minimist@0.0.10
652 silly currentTree  mongodb-core@3.0.4
652 silly currentTree  mongodb@3.0.4
652 silly currentTree  mongoose-legacy-pluralize@1.0.2
652 silly currentTree  mongoose@5.0.10
652 silly currentTree   async@2.1.4
652 silly currentTree  mpath@0.3.0
652 silly currentTree  mquery@3.0.0
652 silly currentTree   sliced@0.0.5
652 silly currentTree  ms@2.0.0
652 silly currentTree  negotiator@0.6.1
652 silly currentTree  object-keys@1.0.11
652 silly currentTree  object.assign@4.1.0
652 silly currentTree  on-finished@2.3.0
652 silly currentTree  once@1.4.0
652 silly currentTree  optimist@0.6.1
652 silly currentTree  parseurl@1.3.2
652 silly currentTree  path-is-absolute@1.0.1
652 silly currentTree  path-to-regexp@0.1.7
652 silly currentTree  promise@7.3.1
652 silly currentTree  proxy-addr@2.0.3
652 silly currentTree  qs@6.5.1
652 silly currentTree  range-parser@1.2.0
652 silly currentTree  raw-body@2.3.2
652 silly currentTree  regexp-clone@0.0.1
652 silly currentTree  repeat-string@1.6.1
652 silly currentTree  require_optional@1.0.1
652 silly currentTree  resolve-from@2.0.0
652 silly currentTree  right-align@0.1.3
652 silly currentTree  safe-buffer@5.1.1
652 silly currentTree  semver@5.5.0
652 silly currentTree  send@0.16.2
652 silly currentTree  serve-static@1.13.2
652 silly currentTree  setprototypeof@1.1.0
652 silly currentTree  sliced@1.0.1
652 silly currentTree  source-map@0.4.4
652 silly currentTree  statuses@1.4.0
652 silly currentTree  type-is@1.6.16
652 silly currentTree  uglify-js@2.8.29
652 silly currentTree   source-map@0.5.7
652 silly currentTree  uglify-to-browserify@1.0.2
652 silly currentTree  unpipe@1.0.0
652 silly currentTree  utils-merge@1.0.1
652 silly currentTree  vary@1.1.2
652 silly currentTree  window-size@0.1.0
652 silly currentTree  wordwrap@0.0.3
652 silly currentTree  wrappy@1.0.2
652 silly currentTree  yargs@3.10.0
653 silly idealTree cms@1.0.0
653 silly idealTree  accepts@1.3.5
653 silly idealTree  align-text@0.1.4
653 silly idealTree  amdefine@1.0.1
653 silly idealTree  array-flatten@1.1.1
653 silly idealTree  asap@2.0.6
653 silly idealTree  async@1.5.2
653 silly idealTree  balanced-match@1.0.0
653 silly idealTree  bluebird@3.5.0
653 silly idealTree  body-parser@1.18.2
653 silly idealTree  brace-expansion@1.1.11
653 silly idealTree  bson@1.0.6
653 silly idealTree  bytes@3.0.0
653 silly idealTree  camelcase@1.2.1
653 silly idealTree  center-align@0.1.3
653 silly idealTree  cliui@2.1.0
653 silly idealTree   wordwrap@0.0.2
653 silly idealTree  concat-map@0.0.1
653 silly idealTree  content-disposition@0.5.2
653 silly idealTree  content-type@1.0.4
653 silly idealTree  cookie-signature@1.0.6
653 silly idealTree  cookie@0.3.1
653 silly idealTree  debug@2.6.9
653 silly idealTree  decamelize@1.2.0
653 silly idealTree  define-properties@1.1.2
653 silly idealTree  depd@1.1.2
653 silly idealTree  destroy@1.0.4
653 silly idealTree  ee-first@1.1.1
653 silly idealTree  encodeurl@1.0.2
653 silly idealTree  escape-html@1.0.3
653 silly idealTree  etag@1.8.1
653 silly idealTree  express-handlebars@3.0.0
653 silly idealTree  express@4.16.3
653 silly idealTree  finalhandler@1.1.1
653 silly idealTree  foreach@2.0.5
653 silly idealTree  forwarded@0.1.2
653 silly idealTree  fresh@0.5.2
653 silly idealTree  function-bind@1.1.1
653 silly idealTree  glob@6.0.4
653 silly idealTree  graceful-fs@4.1.11
653 silly idealTree  handlebars@4.0.11
653 silly idealTree  has-symbols@1.0.0
653 silly idealTree  http-errors@1.6.2
653 silly idealTree   depd@1.1.1
653 silly idealTree   setprototypeof@1.0.3
653 silly idealTree  iconv-lite@0.4.19
653 silly idealTree  inflight@1.0.6
653 silly idealTree  inherits@2.0.3
653 silly idealTree  ipaddr.js@1.6.0
653 silly idealTree  is-buffer@1.1.6
653 silly idealTree  kareem@2.0.5
653 silly idealTree  kind-of@3.2.2
653 silly idealTree  lazy-cache@1.0.4
653 silly idealTree  lodash.get@4.4.2
653 silly idealTree  lodash@4.17.5
653 silly idealTree  longest@1.0.1
653 silly idealTree  media-typer@0.3.0
653 silly idealTree  merge-descriptors@1.0.1
653 silly idealTree  methods@1.1.2
653 silly idealTree  mime-db@1.33.0
653 silly idealTree  mime-types@2.1.18
653 silly idealTree  mime@1.4.1
653 silly idealTree  minimatch@3.0.4
653 silly idealTree  minimist@0.0.10
653 silly idealTree  mongodb-core@3.0.4
653 silly idealTree  mongodb@3.0.4
653 silly idealTree  mongoose-legacy-pluralize@1.0.2
653 silly idealTree  mongoose@5.0.11
653 silly idealTree   async@2.1.4
653 silly idealTree  mpath@0.3.0
653 silly idealTree  mquery@3.0.0
653 silly idealTree   sliced@0.0.5
653 silly idealTree  ms@2.0.0
653 silly idealTree  negotiator@0.6.1
653 silly idealTree  object-keys@1.0.11
653 silly idealTree  object.assign@4.1.0
653 silly idealTree  on-finished@2.3.0
653 silly idealTree  once@1.4.0
653 silly idealTree  optimist@0.6.1
653 silly idealTree  parseurl@1.3.2
653 silly idealTree  path-is-absolute@1.0.1
653 silly idealTree  path-to-regexp@0.1.7
653 silly idealTree  promise@7.3.1
653 silly idealTree  proxy-addr@2.0.3
653 silly idealTree  qs@6.5.1
653 silly idealTree  range-parser@1.2.0
653 silly idealTree  raw-body@2.3.2
653 silly idealTree  regexp-clone@0.0.1
653 silly idealTree  repeat-string@1.6.1
653 silly idealTree  require_optional@1.0.1
653 silly idealTree  resolve-from@2.0.0
653 silly idealTree  right-align@0.1.3
653 silly idealTree  safe-buffer@5.1.1
653 silly idealTree  semver@5.5.0
653 silly idealTree  send@0.16.2
653 silly idealTree  serve-static@1.13.2
653 silly idealTree  setprototypeof@1.1.0
653 silly idealTree  sliced@1.0.1
653 silly idealTree  source-map@0.4.4
653 silly idealTree  statuses@1.4.0
653 silly idealTree  type-is@1.6.16
653 silly idealTree  uglify-js@2.8.29
653 silly idealTree   source-map@0.5.7
653 silly idealTree  uglify-to-browserify@1.0.2
653 silly idealTree  unpipe@1.0.0
653 silly idealTree  utils-merge@1.0.1
653 silly idealTree  vary@1.1.2
653 silly idealTree  window-size@0.1.0
653 silly idealTree  wordwrap@0.0.3
653 silly idealTree  wrappy@1.0.2
653 silly idealTree  yargs@3.10.0
654 silly generateActionsToTake Starting
655 silly install generateActionsToTake
656 warn checkPermissions Missing write access to /home/patrick/Documents/github/nodejscourse/cms/node_modules
657 silly rollbackFailedOptional Starting
658 silly rollbackFailedOptional Finishing
659 silly runTopLevelLifecycles Starting
660 silly runTopLevelLifecycles Finishing
661 silly install printInstalled
662 warn cms@1.0.0 No repository field.
663 verbose stack Error: EACCES: permission denied, access '/home/patrick/Documents/github/nodejscourse/cms/node_modules'
663 verbose stack     at Error (native)
664 verbose cwd /home/patrick/Documents/github/nodejscourse/cms
665 error Linux 4.13.0-37-generic
666 error argv "/usr/bin/nodejs" "/usr/bin/npm" "update"
667 error node v4.2.6
668 error npm  v3.5.2
669 error path /home/patrick/Documents/github/nodejscourse/cms/node_modules
670 error code EACCES
671 error errno -13
672 error syscall access
673 error Error: EACCES: permission denied, access '/home/patrick/Documents/github/nodejscourse/cms/node_modules'
673 error     at Error (native)
673 error  { [Error: EACCES: permission denied, access '/home/patrick/Documents/github/nodejscourse/cms/node_modules']
673 error   errno: -13,
673 error   code: 'EACCES',
673 error   syscall: 'access',
673 error   path: '/home/patrick/Documents/github/nodejscourse/cms/node_modules' }
674 error Please try running this command again as root/Administrator.
675 verbose exit [ -13, true ]
